{"/home/caver/Documents/OC-WealthHealth/src/App.tsx": {"path":"/home/caver/Documents/OC-WealthHealth/src/App.tsx","all":false,"statementMap":{"0":{"start":{"line":1,"column":0},"end":{"line":1,"column":42}},"1":{"start":{"line":2,"column":0},"end":{"line":2,"column":48}},"2":{"start":{"line":3,"column":0},"end":{"line":3,"column":0}},"3":{"start":{"line":4,"column":0},"end":{"line":4,"column":16}},"4":{"start":{"line":5,"column":0},"end":{"line":5,"column":10}},"5":{"start":{"line":6,"column":0},"end":{"line":6,"column":25}},"6":{"start":{"line":7,"column":0},"end":{"line":7,"column":16}},"7":{"start":{"line":8,"column":0},"end":{"line":8,"column":16}},"8":{"start":{"line":9,"column":0},"end":{"line":9,"column":10}},"9":{"start":{"line":10,"column":0},"end":{"line":10,"column":4}},"10":{"start":{"line":11,"column":0},"end":{"line":11,"column":1}},"11":{"start":{"line":12,"column":0},"end":{"line":12,"column":0}},"12":{"start":{"line":13,"column":0},"end":{"line":13,"column":19}}},"s":{"0":1,"1":1,"2":1,"3":15,"4":15,"5":15,"6":15,"7":15,"8":15,"9":15,"10":15,"11":1,"12":1},"branchMap":{"0":{"type":"branch","line":4,"loc":{"start":{"line":4,"column":0},"end":{"line":11,"column":1}},"locations":[{"start":{"line":4,"column":0},"end":{"line":11,"column":1}}]}},"b":{"0":[15]},"fnMap":{"0":{"name":"App","decl":{"start":{"line":4,"column":0},"end":{"line":11,"column":1}},"loc":{"start":{"line":4,"column":0},"end":{"line":11,"column":1}},"line":4}},"f":{"0":15}}
,"/home/caver/Documents/OC-WealthHealth/src/components/EmployeesTable/EmployeesTable.tsx": {"path":"/home/caver/Documents/OC-WealthHealth/src/components/EmployeesTable/EmployeesTable.tsx","all":false,"statementMap":{"0":{"start":{"line":1,"column":0},"end":{"line":1,"column":42}},"1":{"start":{"line":2,"column":0},"end":{"line":2,"column":52}},"2":{"start":{"line":3,"column":0},"end":{"line":3,"column":48}},"3":{"start":{"line":4,"column":0},"end":{"line":4,"column":45}},"4":{"start":{"line":5,"column":0},"end":{"line":5,"column":54}},"5":{"start":{"line":6,"column":0},"end":{"line":6,"column":49}},"6":{"start":{"line":7,"column":0},"end":{"line":7,"column":0}},"7":{"start":{"line":8,"column":0},"end":{"line":8,"column":42}},"8":{"start":{"line":9,"column":0},"end":{"line":9,"column":25}},"9":{"start":{"line":10,"column":0},"end":{"line":10,"column":89}},"10":{"start":{"line":11,"column":0},"end":{"line":11,"column":0}},"11":{"start":{"line":12,"column":0},"end":{"line":12,"column":45}},"12":{"start":{"line":13,"column":0},"end":{"line":13,"column":94}},"13":{"start":{"line":14,"column":0},"end":{"line":14,"column":0}},"14":{"start":{"line":15,"column":0},"end":{"line":15,"column":38}},"15":{"start":{"line":16,"column":0},"end":{"line":16,"column":55}},"16":{"start":{"line":17,"column":0},"end":{"line":17,"column":0}},"17":{"start":{"line":18,"column":0},"end":{"line":18,"column":5}},"18":{"start":{"line":19,"column":0},"end":{"line":19,"column":64}},"19":{"start":{"line":20,"column":0},"end":{"line":20,"column":40}},"20":{"start":{"line":21,"column":0},"end":{"line":21,"column":47}},"21":{"start":{"line":22,"column":0},"end":{"line":22,"column":4}},"22":{"start":{"line":23,"column":0},"end":{"line":23,"column":143}},"23":{"start":{"line":24,"column":0},"end":{"line":24,"column":0}},"24":{"start":{"line":25,"column":0},"end":{"line":25,"column":28}},"25":{"start":{"line":26,"column":0},"end":{"line":26,"column":38}},"26":{"start":{"line":27,"column":0},"end":{"line":27,"column":49}},"27":{"start":{"line":28,"column":0},"end":{"line":28,"column":40}},"28":{"start":{"line":29,"column":0},"end":{"line":29,"column":0}},"29":{"start":{"line":30,"column":0},"end":{"line":30,"column":94}},"30":{"start":{"line":31,"column":0},"end":{"line":31,"column":48}},"31":{"start":{"line":32,"column":0},"end":{"line":32,"column":81}},"32":{"start":{"line":33,"column":0},"end":{"line":33,"column":98}},"33":{"start":{"line":34,"column":0},"end":{"line":34,"column":0}},"34":{"start":{"line":35,"column":0},"end":{"line":35,"column":19}},"35":{"start":{"line":36,"column":0},"end":{"line":36,"column":22}},"36":{"start":{"line":37,"column":0},"end":{"line":37,"column":23}},"37":{"start":{"line":38,"column":0},"end":{"line":38,"column":13}},"38":{"start":{"line":39,"column":0},"end":{"line":39,"column":9}},"39":{"start":{"line":40,"column":0},"end":{"line":40,"column":0}},"40":{"start":{"line":41,"column":0},"end":{"line":41,"column":19}},"41":{"start":{"line":42,"column":0},"end":{"line":42,"column":22}},"42":{"start":{"line":43,"column":0},"end":{"line":43,"column":45}},"43":{"start":{"line":44,"column":0},"end":{"line":44,"column":0}},"44":{"start":{"line":45,"column":0},"end":{"line":45,"column":126}},"45":{"start":{"line":46,"column":0},"end":{"line":46,"column":42}},"46":{"start":{"line":47,"column":0},"end":{"line":47,"column":26}},"47":{"start":{"line":48,"column":0},"end":{"line":48,"column":40}},"48":{"start":{"line":49,"column":0},"end":{"line":49,"column":90}},"49":{"start":{"line":50,"column":0},"end":{"line":50,"column":25}},"50":{"start":{"line":51,"column":0},"end":{"line":51,"column":9}},"51":{"start":{"line":52,"column":0},"end":{"line":52,"column":7}},"52":{"start":{"line":53,"column":0},"end":{"line":53,"column":64}},"53":{"start":{"line":54,"column":0},"end":{"line":54,"column":7}},"54":{"start":{"line":55,"column":0},"end":{"line":55,"column":0}},"55":{"start":{"line":56,"column":0},"end":{"line":56,"column":20}},"56":{"start":{"line":57,"column":0},"end":{"line":57,"column":45}},"57":{"start":{"line":58,"column":0},"end":{"line":58,"column":46}},"58":{"start":{"line":59,"column":0},"end":{"line":59,"column":65}},"59":{"start":{"line":60,"column":0},"end":{"line":60,"column":51}},"60":{"start":{"line":61,"column":0},"end":{"line":61,"column":86}},"61":{"start":{"line":62,"column":0},"end":{"line":62,"column":57}},"62":{"start":{"line":63,"column":0},"end":{"line":63,"column":142}},"63":{"start":{"line":64,"column":0},"end":{"line":64,"column":14}},"64":{"start":{"line":65,"column":0},"end":{"line":65,"column":172}},"65":{"start":{"line":66,"column":0},"end":{"line":66,"column":7}},"66":{"start":{"line":67,"column":0},"end":{"line":67,"column":12}},"67":{"start":{"line":68,"column":0},"end":{"line":68,"column":51}},"68":{"start":{"line":69,"column":0},"end":{"line":69,"column":86}},"69":{"start":{"line":70,"column":0},"end":{"line":70,"column":140}},"70":{"start":{"line":71,"column":0},"end":{"line":71,"column":14}},"71":{"start":{"line":72,"column":0},"end":{"line":72,"column":180}},"72":{"start":{"line":73,"column":0},"end":{"line":73,"column":7}},"73":{"start":{"line":74,"column":0},"end":{"line":74,"column":5}},"74":{"start":{"line":75,"column":0},"end":{"line":75,"column":0}},"75":{"start":{"line":76,"column":0},"end":{"line":76,"column":35}},"76":{"start":{"line":77,"column":0},"end":{"line":77,"column":46}},"77":{"start":{"line":78,"column":0},"end":{"line":78,"column":0}},"78":{"start":{"line":79,"column":0},"end":{"line":79,"column":19}},"79":{"start":{"line":80,"column":0},"end":{"line":80,"column":7}},"80":{"start":{"line":81,"column":0},"end":{"line":81,"column":81}},"81":{"start":{"line":82,"column":0},"end":{"line":82,"column":45}},"82":{"start":{"line":83,"column":0},"end":{"line":83,"column":6}},"83":{"start":{"line":84,"column":0},"end":{"line":84,"column":88}},"84":{"start":{"line":85,"column":0},"end":{"line":85,"column":17}},"85":{"start":{"line":86,"column":0},"end":{"line":86,"column":5}},"86":{"start":{"line":87,"column":0},"end":{"line":87,"column":0}},"87":{"start":{"line":88,"column":0},"end":{"line":88,"column":39}},"88":{"start":{"line":89,"column":0},"end":{"line":89,"column":37}},"89":{"start":{"line":90,"column":0},"end":{"line":90,"column":17}},"90":{"start":{"line":91,"column":0},"end":{"line":91,"column":44}},"91":{"start":{"line":92,"column":0},"end":{"line":92,"column":0}},"92":{"start":{"line":93,"column":0},"end":{"line":93,"column":105}},"93":{"start":{"line":94,"column":0},"end":{"line":94,"column":131}},"94":{"start":{"line":95,"column":0},"end":{"line":95,"column":0}},"95":{"start":{"line":96,"column":0},"end":{"line":96,"column":46}},"96":{"start":{"line":97,"column":0},"end":{"line":97,"column":28}},"97":{"start":{"line":98,"column":0},"end":{"line":98,"column":63}},"98":{"start":{"line":99,"column":0},"end":{"line":99,"column":0}},"99":{"start":{"line":100,"column":0},"end":{"line":100,"column":10}},"100":{"start":{"line":101,"column":0},"end":{"line":101,"column":6}},"101":{"start":{"line":102,"column":0},"end":{"line":102,"column":18}},"102":{"start":{"line":103,"column":0},"end":{"line":103,"column":42}},"103":{"start":{"line":104,"column":0},"end":{"line":104,"column":42}},"104":{"start":{"line":105,"column":0},"end":{"line":105,"column":14}},"105":{"start":{"line":106,"column":0},"end":{"line":106,"column":8}},"106":{"start":{"line":107,"column":0},"end":{"line":107,"column":39}},"107":{"start":{"line":108,"column":0},"end":{"line":108,"column":31}},"108":{"start":{"line":109,"column":0},"end":{"line":109,"column":43}},"109":{"start":{"line":110,"column":0},"end":{"line":110,"column":57}},"110":{"start":{"line":111,"column":0},"end":{"line":111,"column":21}},"111":{"start":{"line":112,"column":0},"end":{"line":112,"column":41}},"112":{"start":{"line":113,"column":0},"end":{"line":113,"column":40}},"113":{"start":{"line":114,"column":0},"end":{"line":114,"column":47}},"114":{"start":{"line":115,"column":0},"end":{"line":115,"column":38}},"115":{"start":{"line":116,"column":0},"end":{"line":116,"column":43}},"116":{"start":{"line":117,"column":0},"end":{"line":117,"column":44}},"117":{"start":{"line":118,"column":0},"end":{"line":118,"column":26}},"118":{"start":{"line":119,"column":0},"end":{"line":119,"column":47}},"119":{"start":{"line":120,"column":0},"end":{"line":120,"column":47}},"120":{"start":{"line":121,"column":0},"end":{"line":121,"column":47}},"121":{"start":{"line":122,"column":0},"end":{"line":122,"column":49}},"122":{"start":{"line":123,"column":0},"end":{"line":123,"column":18}},"123":{"start":{"line":124,"column":0},"end":{"line":124,"column":16}},"124":{"start":{"line":125,"column":0},"end":{"line":125,"column":18}},"125":{"start":{"line":126,"column":0},"end":{"line":126,"column":0}},"126":{"start":{"line":127,"column":0},"end":{"line":127,"column":57}},"127":{"start":{"line":128,"column":0},"end":{"line":128,"column":24}},"128":{"start":{"line":129,"column":0},"end":{"line":129,"column":41}},"129":{"start":{"line":130,"column":0},"end":{"line":130,"column":35}},"130":{"start":{"line":131,"column":0},"end":{"line":131,"column":47}},"131":{"start":{"line":132,"column":0},"end":{"line":132,"column":27}},"132":{"start":{"line":133,"column":0},"end":{"line":133,"column":30}},"133":{"start":{"line":134,"column":0},"end":{"line":134,"column":34}},"134":{"start":{"line":135,"column":0},"end":{"line":135,"column":16}},"135":{"start":{"line":136,"column":0},"end":{"line":136,"column":18}},"136":{"start":{"line":137,"column":0},"end":{"line":137,"column":16}},"137":{"start":{"line":138,"column":0},"end":{"line":138,"column":15}},"138":{"start":{"line":139,"column":0},"end":{"line":139,"column":0}},"139":{"start":{"line":140,"column":0},"end":{"line":140,"column":33}},"140":{"start":{"line":141,"column":0},"end":{"line":141,"column":17}},"141":{"start":{"line":142,"column":0},"end":{"line":142,"column":16}},"142":{"start":{"line":143,"column":0},"end":{"line":143,"column":30}},"143":{"start":{"line":144,"column":0},"end":{"line":144,"column":26}},"144":{"start":{"line":145,"column":0},"end":{"line":145,"column":48}},"145":{"start":{"line":146,"column":0},"end":{"line":146,"column":25}},"146":{"start":{"line":147,"column":0},"end":{"line":147,"column":45}},"147":{"start":{"line":148,"column":0},"end":{"line":148,"column":98}},"148":{"start":{"line":149,"column":0},"end":{"line":149,"column":19}},"149":{"start":{"line":150,"column":0},"end":{"line":150,"column":21}},"150":{"start":{"line":151,"column":0},"end":{"line":151,"column":27}},"151":{"start":{"line":152,"column":0},"end":{"line":152,"column":123}},"152":{"start":{"line":153,"column":0},"end":{"line":153,"column":22}},"153":{"start":{"line":154,"column":0},"end":{"line":154,"column":19}},"154":{"start":{"line":155,"column":0},"end":{"line":155,"column":30}},"155":{"start":{"line":156,"column":0},"end":{"line":156,"column":30}},"156":{"start":{"line":157,"column":0},"end":{"line":157,"column":48}},"157":{"start":{"line":158,"column":0},"end":{"line":158,"column":114}},"158":{"start":{"line":159,"column":0},"end":{"line":159,"column":122}},"159":{"start":{"line":160,"column":0},"end":{"line":160,"column":22}},"160":{"start":{"line":161,"column":0},"end":{"line":161,"column":19}},"161":{"start":{"line":162,"column":0},"end":{"line":162,"column":30}},"162":{"start":{"line":163,"column":0},"end":{"line":163,"column":34}},"163":{"start":{"line":164,"column":0},"end":{"line":164,"column":48}},"164":{"start":{"line":165,"column":0},"end":{"line":165,"column":115}},"165":{"start":{"line":166,"column":0},"end":{"line":166,"column":123}},"166":{"start":{"line":167,"column":0},"end":{"line":167,"column":22}},"167":{"start":{"line":168,"column":0},"end":{"line":168,"column":19}},"168":{"start":{"line":169,"column":0},"end":{"line":169,"column":30}},"169":{"start":{"line":170,"column":0},"end":{"line":170,"column":31}},"170":{"start":{"line":171,"column":0},"end":{"line":171,"column":48}},"171":{"start":{"line":172,"column":0},"end":{"line":172,"column":115}},"172":{"start":{"line":173,"column":0},"end":{"line":173,"column":123}},"173":{"start":{"line":174,"column":0},"end":{"line":174,"column":22}},"174":{"start":{"line":175,"column":0},"end":{"line":175,"column":19}},"175":{"start":{"line":176,"column":0},"end":{"line":176,"column":30}},"176":{"start":{"line":177,"column":0},"end":{"line":177,"column":31}},"177":{"start":{"line":178,"column":0},"end":{"line":178,"column":48}},"178":{"start":{"line":179,"column":0},"end":{"line":179,"column":116}},"179":{"start":{"line":180,"column":0},"end":{"line":180,"column":124}},"180":{"start":{"line":181,"column":0},"end":{"line":181,"column":22}},"181":{"start":{"line":182,"column":0},"end":{"line":182,"column":19}},"182":{"start":{"line":183,"column":0},"end":{"line":183,"column":30}},"183":{"start":{"line":184,"column":0},"end":{"line":184,"column":27}},"184":{"start":{"line":185,"column":0},"end":{"line":185,"column":48}},"185":{"start":{"line":186,"column":0},"end":{"line":186,"column":112}},"186":{"start":{"line":187,"column":0},"end":{"line":187,"column":120}},"187":{"start":{"line":188,"column":0},"end":{"line":188,"column":22}},"188":{"start":{"line":189,"column":0},"end":{"line":189,"column":19}},"189":{"start":{"line":190,"column":0},"end":{"line":190,"column":30}},"190":{"start":{"line":191,"column":0},"end":{"line":191,"column":25}},"191":{"start":{"line":192,"column":0},"end":{"line":192,"column":48}},"192":{"start":{"line":193,"column":0},"end":{"line":193,"column":110}},"193":{"start":{"line":194,"column":0},"end":{"line":194,"column":118}},"194":{"start":{"line":195,"column":0},"end":{"line":195,"column":22}},"195":{"start":{"line":196,"column":0},"end":{"line":196,"column":19}},"196":{"start":{"line":197,"column":0},"end":{"line":197,"column":30}},"197":{"start":{"line":198,"column":0},"end":{"line":198,"column":26}},"198":{"start":{"line":199,"column":0},"end":{"line":199,"column":48}},"199":{"start":{"line":200,"column":0},"end":{"line":200,"column":111}},"200":{"start":{"line":201,"column":0},"end":{"line":201,"column":119}},"201":{"start":{"line":202,"column":0},"end":{"line":202,"column":22}},"202":{"start":{"line":203,"column":0},"end":{"line":203,"column":19}},"203":{"start":{"line":204,"column":0},"end":{"line":204,"column":30}},"204":{"start":{"line":205,"column":0},"end":{"line":205,"column":29}},"205":{"start":{"line":206,"column":0},"end":{"line":206,"column":48}},"206":{"start":{"line":207,"column":0},"end":{"line":207,"column":113}},"207":{"start":{"line":208,"column":0},"end":{"line":208,"column":121}},"208":{"start":{"line":209,"column":0},"end":{"line":209,"column":22}},"209":{"start":{"line":210,"column":0},"end":{"line":210,"column":19}},"210":{"start":{"line":211,"column":0},"end":{"line":211,"column":17}},"211":{"start":{"line":212,"column":0},"end":{"line":212,"column":18}},"212":{"start":{"line":213,"column":0},"end":{"line":213,"column":17}},"213":{"start":{"line":214,"column":0},"end":{"line":214,"column":49}},"214":{"start":{"line":215,"column":0},"end":{"line":215,"column":30}},"215":{"start":{"line":216,"column":0},"end":{"line":216,"column":45}},"216":{"start":{"line":217,"column":0},"end":{"line":217,"column":44}},"217":{"start":{"line":218,"column":0},"end":{"line":218,"column":69}},"218":{"start":{"line":219,"column":0},"end":{"line":219,"column":69}},"219":{"start":{"line":220,"column":0},"end":{"line":220,"column":46}},"220":{"start":{"line":221,"column":0},"end":{"line":221,"column":42}},"221":{"start":{"line":222,"column":0},"end":{"line":222,"column":40}},"222":{"start":{"line":223,"column":0},"end":{"line":223,"column":41}},"223":{"start":{"line":224,"column":0},"end":{"line":224,"column":43}},"224":{"start":{"line":225,"column":0},"end":{"line":225,"column":19}},"225":{"start":{"line":226,"column":0},"end":{"line":226,"column":15}},"226":{"start":{"line":227,"column":0},"end":{"line":227,"column":18}},"227":{"start":{"line":228,"column":0},"end":{"line":228,"column":16}},"228":{"start":{"line":229,"column":0},"end":{"line":229,"column":32}},"229":{"start":{"line":230,"column":0},"end":{"line":230,"column":17}},"230":{"start":{"line":231,"column":0},"end":{"line":231,"column":28}},"231":{"start":{"line":232,"column":0},"end":{"line":232,"column":46}},"232":{"start":{"line":233,"column":0},"end":{"line":233,"column":14}},"233":{"start":{"line":234,"column":0},"end":{"line":234,"column":11}},"234":{"start":{"line":235,"column":0},"end":{"line":235,"column":56}},"235":{"start":{"line":236,"column":0},"end":{"line":236,"column":19}},"236":{"start":{"line":237,"column":0},"end":{"line":237,"column":16}},"237":{"start":{"line":238,"column":0},"end":{"line":238,"column":60}},"238":{"start":{"line":239,"column":0},"end":{"line":239,"column":17}},"239":{"start":{"line":240,"column":0},"end":{"line":240,"column":17}},"240":{"start":{"line":241,"column":0},"end":{"line":241,"column":39}},"241":{"start":{"line":242,"column":0},"end":{"line":242,"column":28}},"242":{"start":{"line":243,"column":0},"end":{"line":243,"column":65}},"243":{"start":{"line":244,"column":0},"end":{"line":244,"column":14}},"244":{"start":{"line":245,"column":0},"end":{"line":245,"column":11}},"245":{"start":{"line":246,"column":0},"end":{"line":246,"column":57}},"246":{"start":{"line":247,"column":0},"end":{"line":247,"column":19}},"247":{"start":{"line":248,"column":0},"end":{"line":248,"column":14}},"248":{"start":{"line":249,"column":0},"end":{"line":249,"column":12}},"249":{"start":{"line":250,"column":0},"end":{"line":250,"column":7}},"250":{"start":{"line":251,"column":0},"end":{"line":251,"column":4}},"251":{"start":{"line":252,"column":0},"end":{"line":252,"column":1}}},"s":{"0":1,"1":1,"2":1,"3":1,"4":1,"5":1,"6":1,"7":1,"8":46,"9":46,"10":46,"11":46,"12":46,"13":46,"14":46,"15":46,"16":46,"17":46,"18":46,"19":46,"20":46,"21":46,"22":46,"23":46,"24":46,"25":46,"26":46,"27":46,"28":46,"29":46,"30":46,"31":46,"32":46,"33":46,"34":46,"35":9,"36":0,"37":9,"38":46,"39":46,"40":46,"41":27,"42":27,"43":27,"44":27,"45":27,"46":112,"47":112,"48":1008,"49":895,"50":895,"51":1008,"52":112,"53":112,"54":27,"55":27,"56":27,"57":27,"58":0,"59":0,"60":0,"61":0,"62":0,"63":0,"64":0,"65":0,"66":27,"67":27,"68":0,"69":0,"70":27,"71":27,"72":27,"73":27,"74":27,"75":27,"76":27,"77":27,"78":27,"79":27,"80":27,"81":27,"82":27,"83":27,"84":10,"85":10,"86":27,"87":27,"88":27,"89":27,"90":27,"91":27,"92":27,"93":27,"94":27,"95":27,"96":27,"97":46,"98":46,"99":46,"100":46,"101":46,"102":46,"103":46,"104":46,"105":46,"106":46,"107":46,"108":46,"109":46,"110":46,"111":46,"112":46,"113":46,"114":46,"115":46,"116":46,"117":46,"118":46,"119":46,"120":46,"121":46,"122":46,"123":46,"124":46,"125":46,"126":46,"127":46,"128":46,"129":46,"130":46,"131":46,"132":46,"133":46,"134":46,"135":46,"136":46,"137":46,"138":46,"139":46,"140":46,"141":46,"142":46,"143":46,"144":46,"145":46,"146":46,"147":46,"148":46,"149":46,"150":46,"151":46,"152":46,"153":46,"154":46,"155":46,"156":46,"157":46,"158":46,"159":46,"160":46,"161":46,"162":46,"163":46,"164":46,"165":46,"166":46,"167":46,"168":46,"169":46,"170":46,"171":46,"172":46,"173":46,"174":46,"175":46,"176":46,"177":46,"178":46,"179":46,"180":46,"181":46,"182":46,"183":46,"184":46,"185":46,"186":46,"187":46,"188":46,"189":46,"190":46,"191":46,"192":46,"193":46,"194":46,"195":46,"196":46,"197":46,"198":46,"199":46,"200":46,"201":46,"202":46,"203":46,"204":46,"205":46,"206":46,"207":46,"208":46,"209":46,"210":46,"211":46,"212":46,"213":46,"214":46,"215":46,"216":46,"217":46,"218":46,"219":46,"220":46,"221":46,"222":46,"223":46,"224":46,"225":46,"226":46,"227":46,"228":46,"229":46,"230":46,"231":0,"232":0,"233":46,"234":46,"235":46,"236":46,"237":46,"238":46,"239":46,"240":46,"241":46,"242":1,"243":1,"244":46,"245":46,"246":46,"247":46,"248":46,"249":46,"250":46,"251":46},"branchMap":{"0":{"type":"branch","line":8,"loc":{"start":{"line":8,"column":15},"end":{"line":252,"column":1}},"locations":[{"start":{"line":8,"column":15},"end":{"line":252,"column":1}}]},"1":{"type":"branch","line":23,"loc":{"start":{"line":23,"column":34},"end":{"line":23,"column":92}},"locations":[{"start":{"line":23,"column":34},"end":{"line":23,"column":92}}]},"2":{"type":"branch","line":23,"loc":{"start":{"line":23,"column":92},"end":{"line":23,"column":143}},"locations":[{"start":{"line":23,"column":92},"end":{"line":23,"column":143}}]},"3":{"type":"branch","line":10,"loc":{"start":{"line":10,"column":37},"end":{"line":10,"column":87}},"locations":[{"start":{"line":10,"column":37},"end":{"line":10,"column":87}}]},"4":{"type":"branch","line":33,"loc":{"start":{"line":33,"column":64},"end":{"line":33,"column":98}},"locations":[{"start":{"line":33,"column":64},"end":{"line":33,"column":98}}]},"5":{"type":"branch","line":35,"loc":{"start":{"line":35,"column":12},"end":{"line":39,"column":5}},"locations":[{"start":{"line":35,"column":12},"end":{"line":39,"column":5}}]},"6":{"type":"branch","line":41,"loc":{"start":{"line":41,"column":12},"end":{"line":98,"column":5}},"locations":[{"start":{"line":41,"column":12},"end":{"line":98,"column":5}}]},"7":{"type":"branch","line":58,"loc":{"start":{"line":58,"column":45},"end":{"line":67,"column":11}},"locations":[{"start":{"line":58,"column":45},"end":{"line":67,"column":11}}]},"8":{"type":"branch","line":68,"loc":{"start":{"line":68,"column":50},"end":{"line":71,"column":13}},"locations":[{"start":{"line":68,"column":50},"end":{"line":71,"column":13}}]},"9":{"type":"branch","line":84,"loc":{"start":{"line":84,"column":37},"end":{"line":84,"column":85}},"locations":[{"start":{"line":84,"column":37},"end":{"line":84,"column":85}}]},"10":{"type":"branch","line":84,"loc":{"start":{"line":84,"column":87},"end":{"line":86,"column":5}},"locations":[{"start":{"line":84,"column":87},"end":{"line":86,"column":5}}]},"11":{"type":"branch","line":46,"loc":{"start":{"line":46,"column":27},"end":{"line":54,"column":7}},"locations":[{"start":{"line":46,"column":27},"end":{"line":54,"column":7}}]},"12":{"type":"branch","line":48,"loc":{"start":{"line":48,"column":39},"end":{"line":52,"column":7}},"locations":[{"start":{"line":48,"column":39},"end":{"line":52,"column":7}}]},"13":{"type":"branch","line":49,"loc":{"start":{"line":49,"column":89},"end":{"line":51,"column":9}},"locations":[{"start":{"line":49,"column":89},"end":{"line":51,"column":9}}]},"14":{"type":"branch","line":53,"loc":{"start":{"line":53,"column":19},"end":{"line":53,"column":64}},"locations":[{"start":{"line":53,"column":19},"end":{"line":53,"column":64}}]},"15":{"type":"branch","line":72,"loc":{"start":{"line":72,"column":31},"end":{"line":72,"column":180}},"locations":[{"start":{"line":72,"column":31},"end":{"line":72,"column":180}}]},"16":{"type":"branch","line":72,"loc":{"start":{"line":72,"column":88},"end":{"line":72,"column":95}},"locations":[{"start":{"line":72,"column":88},"end":{"line":72,"column":95}}]},"17":{"type":"branch","line":72,"loc":{"start":{"line":72,"column":91},"end":{"line":72,"column":180}},"locations":[{"start":{"line":72,"column":91},"end":{"line":72,"column":180}}]},"18":{"type":"branch","line":72,"loc":{"start":{"line":72,"column":172},"end":{"line":72,"column":180}},"locations":[{"start":{"line":72,"column":172},"end":{"line":72,"column":180}}]},"19":{"type":"branch","line":148,"loc":{"start":{"line":148,"column":29},"end":{"line":148,"column":98}},"locations":[{"start":{"line":148,"column":29},"end":{"line":148,"column":98}}]},"20":{"type":"branch","line":148,"loc":{"start":{"line":148,"column":50},"end":{"line":148,"column":98}},"locations":[{"start":{"line":148,"column":50},"end":{"line":148,"column":98}}]},"21":{"type":"branch","line":242,"loc":{"start":{"line":242,"column":21},"end":{"line":244,"column":14}},"locations":[{"start":{"line":242,"column":21},"end":{"line":244,"column":14}}]}},"b":{"0":[46],"1":[3],"2":[1],"3":[55],"4":[198],"5":[9],"6":[27],"7":[0],"8":[0],"9":[26],"10":[10],"11":[112],"12":[1008],"13":[895],"14":[106],"15":[80],"16":[79],"17":[1],"18":[0],"19":[1],"20":[1],"21":[1]},"fnMap":{"0":{"name":"EmployeesTable","decl":{"start":{"line":8,"column":15},"end":{"line":252,"column":1}},"loc":{"start":{"line":8,"column":15},"end":{"line":252,"column":1}},"line":8},"1":{"name":"onClick","decl":{"start":{"line":148,"column":29},"end":{"line":148,"column":98}},"loc":{"start":{"line":148,"column":29},"end":{"line":148,"column":98}},"line":148},"2":{"name":"onClick","decl":{"start":{"line":152,"column":35},"end":{"line":152,"column":113}},"loc":{"start":{"line":152,"column":35},"end":{"line":152,"column":113}},"line":152},"3":{"name":"onClick","decl":{"start":{"line":158,"column":35},"end":{"line":158,"column":104}},"loc":{"start":{"line":158,"column":35},"end":{"line":158,"column":104}},"line":158},"4":{"name":"onClick","decl":{"start":{"line":159,"column":35},"end":{"line":159,"column":112}},"loc":{"start":{"line":159,"column":35},"end":{"line":159,"column":112}},"line":159},"5":{"name":"onClick","decl":{"start":{"line":165,"column":35},"end":{"line":165,"column":105}},"loc":{"start":{"line":165,"column":35},"end":{"line":165,"column":105}},"line":165},"6":{"name":"onClick","decl":{"start":{"line":166,"column":35},"end":{"line":166,"column":113}},"loc":{"start":{"line":166,"column":35},"end":{"line":166,"column":113}},"line":166},"7":{"name":"onClick","decl":{"start":{"line":172,"column":35},"end":{"line":172,"column":105}},"loc":{"start":{"line":172,"column":35},"end":{"line":172,"column":105}},"line":172},"8":{"name":"onClick","decl":{"start":{"line":173,"column":35},"end":{"line":173,"column":113}},"loc":{"start":{"line":173,"column":35},"end":{"line":173,"column":113}},"line":173},"9":{"name":"onClick","decl":{"start":{"line":179,"column":35},"end":{"line":179,"column":106}},"loc":{"start":{"line":179,"column":35},"end":{"line":179,"column":106}},"line":179},"10":{"name":"onClick","decl":{"start":{"line":180,"column":35},"end":{"line":180,"column":114}},"loc":{"start":{"line":180,"column":35},"end":{"line":180,"column":114}},"line":180},"11":{"name":"onClick","decl":{"start":{"line":186,"column":35},"end":{"line":186,"column":102}},"loc":{"start":{"line":186,"column":35},"end":{"line":186,"column":102}},"line":186},"12":{"name":"onClick","decl":{"start":{"line":187,"column":35},"end":{"line":187,"column":110}},"loc":{"start":{"line":187,"column":35},"end":{"line":187,"column":110}},"line":187},"13":{"name":"onClick","decl":{"start":{"line":193,"column":35},"end":{"line":193,"column":100}},"loc":{"start":{"line":193,"column":35},"end":{"line":193,"column":100}},"line":193},"14":{"name":"onClick","decl":{"start":{"line":194,"column":35},"end":{"line":194,"column":108}},"loc":{"start":{"line":194,"column":35},"end":{"line":194,"column":108}},"line":194},"15":{"name":"onClick","decl":{"start":{"line":200,"column":35},"end":{"line":200,"column":101}},"loc":{"start":{"line":200,"column":35},"end":{"line":200,"column":101}},"line":200},"16":{"name":"onClick","decl":{"start":{"line":201,"column":35},"end":{"line":201,"column":109}},"loc":{"start":{"line":201,"column":35},"end":{"line":201,"column":109}},"line":201},"17":{"name":"onClick","decl":{"start":{"line":207,"column":35},"end":{"line":207,"column":103}},"loc":{"start":{"line":207,"column":35},"end":{"line":207,"column":103}},"line":207},"18":{"name":"onClick","decl":{"start":{"line":208,"column":35},"end":{"line":208,"column":111}},"loc":{"start":{"line":208,"column":35},"end":{"line":208,"column":111}},"line":208},"19":{"name":"onClick","decl":{"start":{"line":231,"column":21},"end":{"line":233,"column":14}},"loc":{"start":{"line":231,"column":21},"end":{"line":233,"column":14}},"line":231},"20":{"name":"onClick","decl":{"start":{"line":242,"column":21},"end":{"line":244,"column":14}},"loc":{"start":{"line":242,"column":21},"end":{"line":244,"column":14}},"line":242}},"f":{"0":46,"1":1,"2":0,"3":0,"4":0,"5":0,"6":0,"7":0,"8":0,"9":0,"10":0,"11":0,"12":0,"13":0,"14":0,"15":0,"16":0,"17":0,"18":0,"19":0,"20":1}}
,"/home/caver/Documents/OC-WealthHealth/src/components/Forms/AddEmployeeForm/AddEmployeeForm.tsx": {"path":"/home/caver/Documents/OC-WealthHealth/src/components/Forms/AddEmployeeForm/AddEmployeeForm.tsx","all":false,"statementMap":{"0":{"start":{"line":1,"column":0},"end":{"line":1,"column":44}},"1":{"start":{"line":2,"column":0},"end":{"line":2,"column":48}},"2":{"start":{"line":3,"column":0},"end":{"line":3,"column":57}},"3":{"start":{"line":4,"column":0},"end":{"line":4,"column":63}},"4":{"start":{"line":5,"column":0},"end":{"line":5,"column":63}},"5":{"start":{"line":6,"column":0},"end":{"line":6,"column":42}},"6":{"start":{"line":7,"column":0},"end":{"line":7,"column":56}},"7":{"start":{"line":8,"column":0},"end":{"line":8,"column":0}},"8":{"start":{"line":9,"column":0},"end":{"line":9,"column":43}},"9":{"start":{"line":10,"column":0},"end":{"line":10,"column":50}},"10":{"start":{"line":11,"column":0},"end":{"line":11,"column":18}},"11":{"start":{"line":12,"column":0},"end":{"line":12,"column":17}},"12":{"start":{"line":13,"column":0},"end":{"line":13,"column":26}},"13":{"start":{"line":14,"column":0},"end":{"line":14,"column":26}},"14":{"start":{"line":15,"column":0},"end":{"line":15,"column":15}},"15":{"start":{"line":16,"column":0},"end":{"line":16,"column":13}},"16":{"start":{"line":17,"column":0},"end":{"line":17,"column":14}},"17":{"start":{"line":18,"column":0},"end":{"line":18,"column":16}},"18":{"start":{"line":19,"column":0},"end":{"line":19,"column":19}},"19":{"start":{"line":20,"column":0},"end":{"line":20,"column":5}},"20":{"start":{"line":21,"column":0},"end":{"line":21,"column":0}},"21":{"start":{"line":22,"column":0},"end":{"line":22,"column":45}},"22":{"start":{"line":23,"column":0},"end":{"line":23,"column":56}},"23":{"start":{"line":24,"column":0},"end":{"line":24,"column":21}},"24":{"start":{"line":25,"column":0},"end":{"line":25,"column":20}},"25":{"start":{"line":26,"column":0},"end":{"line":26,"column":21}},"26":{"start":{"line":27,"column":0},"end":{"line":27,"column":21}},"27":{"start":{"line":28,"column":0},"end":{"line":28,"column":18}},"28":{"start":{"line":29,"column":0},"end":{"line":29,"column":16}},"29":{"start":{"line":30,"column":0},"end":{"line":30,"column":17}},"30":{"start":{"line":31,"column":0},"end":{"line":31,"column":19}},"31":{"start":{"line":32,"column":0},"end":{"line":32,"column":22}},"32":{"start":{"line":33,"column":0},"end":{"line":33,"column":5}},"33":{"start":{"line":34,"column":0},"end":{"line":34,"column":0}},"34":{"start":{"line":35,"column":0},"end":{"line":35,"column":56}},"35":{"start":{"line":36,"column":0},"end":{"line":36,"column":23}},"36":{"start":{"line":37,"column":0},"end":{"line":37,"column":3}},"37":{"start":{"line":38,"column":0},"end":{"line":38,"column":0}},"38":{"start":{"line":39,"column":0},"end":{"line":39,"column":34}},"39":{"start":{"line":40,"column":0},"end":{"line":40,"column":56}},"40":{"start":{"line":41,"column":0},"end":{"line":41,"column":22}},"41":{"start":{"line":42,"column":0},"end":{"line":42,"column":23}},"42":{"start":{"line":43,"column":0},"end":{"line":43,"column":22}},"43":{"start":{"line":44,"column":0},"end":{"line":44,"column":23}},"44":{"start":{"line":45,"column":0},"end":{"line":45,"column":23}},"45":{"start":{"line":46,"column":0},"end":{"line":46,"column":20}},"46":{"start":{"line":47,"column":0},"end":{"line":47,"column":18}},"47":{"start":{"line":48,"column":0},"end":{"line":48,"column":19}},"48":{"start":{"line":49,"column":0},"end":{"line":49,"column":21}},"49":{"start":{"line":50,"column":0},"end":{"line":50,"column":24}},"50":{"start":{"line":51,"column":0},"end":{"line":51,"column":6}},"51":{"start":{"line":52,"column":0},"end":{"line":52,"column":0}},"52":{"start":{"line":53,"column":0},"end":{"line":53,"column":135}},"53":{"start":{"line":54,"column":0},"end":{"line":54,"column":0}},"54":{"start":{"line":55,"column":0},"end":{"line":55,"column":80}},"55":{"start":{"line":56,"column":0},"end":{"line":56,"column":226}},"56":{"start":{"line":57,"column":0},"end":{"line":57,"column":142}},"57":{"start":{"line":58,"column":0},"end":{"line":58,"column":68}},"58":{"start":{"line":59,"column":0},"end":{"line":59,"column":12}},"59":{"start":{"line":60,"column":0},"end":{"line":60,"column":32}},"60":{"start":{"line":61,"column":0},"end":{"line":61,"column":69}},"61":{"start":{"line":62,"column":0},"end":{"line":62,"column":5}},"62":{"start":{"line":63,"column":0},"end":{"line":63,"column":0}},"63":{"start":{"line":64,"column":0},"end":{"line":64,"column":78}},"64":{"start":{"line":65,"column":0},"end":{"line":65,"column":67}},"65":{"start":{"line":66,"column":0},"end":{"line":66,"column":12}},"66":{"start":{"line":67,"column":0},"end":{"line":67,"column":31}},"67":{"start":{"line":68,"column":0},"end":{"line":68,"column":68}},"68":{"start":{"line":69,"column":0},"end":{"line":69,"column":5}},"69":{"start":{"line":70,"column":0},"end":{"line":70,"column":0}},"70":{"start":{"line":71,"column":0},"end":{"line":71,"column":71}},"71":{"start":{"line":72,"column":0},"end":{"line":72,"column":32}},"72":{"start":{"line":73,"column":0},"end":{"line":73,"column":69}},"73":{"start":{"line":74,"column":0},"end":{"line":74,"column":12}},"74":{"start":{"line":75,"column":0},"end":{"line":75,"column":68}},"75":{"start":{"line":76,"column":0},"end":{"line":76,"column":5}},"76":{"start":{"line":77,"column":0},"end":{"line":77,"column":0}},"77":{"start":{"line":78,"column":0},"end":{"line":78,"column":71}},"78":{"start":{"line":79,"column":0},"end":{"line":79,"column":32}},"79":{"start":{"line":80,"column":0},"end":{"line":80,"column":69}},"80":{"start":{"line":81,"column":0},"end":{"line":81,"column":12}},"81":{"start":{"line":82,"column":0},"end":{"line":82,"column":68}},"82":{"start":{"line":83,"column":0},"end":{"line":83,"column":5}},"83":{"start":{"line":84,"column":0},"end":{"line":84,"column":0}},"84":{"start":{"line":85,"column":0},"end":{"line":85,"column":75}},"85":{"start":{"line":86,"column":0},"end":{"line":86,"column":65}},"86":{"start":{"line":87,"column":0},"end":{"line":87,"column":12}},"87":{"start":{"line":88,"column":0},"end":{"line":88,"column":29}},"88":{"start":{"line":89,"column":0},"end":{"line":89,"column":66}},"89":{"start":{"line":90,"column":0},"end":{"line":90,"column":5}},"90":{"start":{"line":91,"column":0},"end":{"line":91,"column":0}},"91":{"start":{"line":92,"column":0},"end":{"line":92,"column":70}},"92":{"start":{"line":93,"column":0},"end":{"line":93,"column":63}},"93":{"start":{"line":94,"column":0},"end":{"line":94,"column":12}},"94":{"start":{"line":95,"column":0},"end":{"line":95,"column":27}},"95":{"start":{"line":96,"column":0},"end":{"line":96,"column":64}},"96":{"start":{"line":97,"column":0},"end":{"line":97,"column":5}},"97":{"start":{"line":98,"column":0},"end":{"line":98,"column":0}},"98":{"start":{"line":99,"column":0},"end":{"line":99,"column":54}},"99":{"start":{"line":100,"column":0},"end":{"line":100,"column":66}},"100":{"start":{"line":101,"column":0},"end":{"line":101,"column":12}},"101":{"start":{"line":102,"column":0},"end":{"line":102,"column":30}},"102":{"start":{"line":103,"column":0},"end":{"line":103,"column":67}},"103":{"start":{"line":104,"column":0},"end":{"line":104,"column":5}},"104":{"start":{"line":105,"column":0},"end":{"line":105,"column":0}},"105":{"start":{"line":106,"column":0},"end":{"line":106,"column":35}},"106":{"start":{"line":107,"column":0},"end":{"line":107,"column":64}},"107":{"start":{"line":108,"column":0},"end":{"line":108,"column":12}},"108":{"start":{"line":109,"column":0},"end":{"line":109,"column":28}},"109":{"start":{"line":110,"column":0},"end":{"line":110,"column":65}},"110":{"start":{"line":111,"column":0},"end":{"line":111,"column":5}},"111":{"start":{"line":112,"column":0},"end":{"line":112,"column":0}},"112":{"start":{"line":113,"column":0},"end":{"line":113,"column":40}},"113":{"start":{"line":114,"column":0},"end":{"line":114,"column":69}},"114":{"start":{"line":115,"column":0},"end":{"line":115,"column":12}},"115":{"start":{"line":116,"column":0},"end":{"line":116,"column":33}},"116":{"start":{"line":117,"column":0},"end":{"line":117,"column":70}},"117":{"start":{"line":118,"column":0},"end":{"line":118,"column":5}},"118":{"start":{"line":119,"column":0},"end":{"line":119,"column":0}},"119":{"start":{"line":120,"column":0},"end":{"line":120,"column":202}},"120":{"start":{"line":121,"column":0},"end":{"line":121,"column":59}},"121":{"start":{"line":122,"column":0},"end":{"line":122,"column":3}},"122":{"start":{"line":123,"column":0},"end":{"line":123,"column":0}},"123":{"start":{"line":124,"column":0},"end":{"line":124,"column":10}},"124":{"start":{"line":125,"column":0},"end":{"line":125,"column":9}},"125":{"start":{"line":126,"column":0},"end":{"line":126,"column":22}},"126":{"start":{"line":127,"column":0},"end":{"line":127,"column":40}},"127":{"start":{"line":128,"column":0},"end":{"line":128,"column":39}},"128":{"start":{"line":129,"column":0},"end":{"line":129,"column":26}},"129":{"start":{"line":130,"column":0},"end":{"line":130,"column":5}},"130":{"start":{"line":131,"column":0},"end":{"line":131,"column":16}},"131":{"start":{"line":132,"column":0},"end":{"line":132,"column":16}},"132":{"start":{"line":133,"column":0},"end":{"line":133,"column":44}},"133":{"start":{"line":134,"column":0},"end":{"line":134,"column":17}},"134":{"start":{"line":135,"column":0},"end":{"line":135,"column":0}},"135":{"start":{"line":136,"column":0},"end":{"line":136,"column":41}},"136":{"start":{"line":137,"column":0},"end":{"line":137,"column":115}},"137":{"start":{"line":138,"column":0},"end":{"line":138,"column":22}},"138":{"start":{"line":139,"column":0},"end":{"line":139,"column":39}},"139":{"start":{"line":140,"column":0},"end":{"line":140,"column":36}},"140":{"start":{"line":141,"column":0},"end":{"line":141,"column":45}},"141":{"start":{"line":142,"column":0},"end":{"line":142,"column":55}},"142":{"start":{"line":143,"column":0},"end":{"line":143,"column":29}},"143":{"start":{"line":144,"column":0},"end":{"line":144,"column":32}},"144":{"start":{"line":145,"column":0},"end":{"line":145,"column":32}},"145":{"start":{"line":146,"column":0},"end":{"line":146,"column":45}},"146":{"start":{"line":147,"column":0},"end":{"line":147,"column":14}},"147":{"start":{"line":148,"column":0},"end":{"line":148,"column":16}},"148":{"start":{"line":149,"column":0},"end":{"line":149,"column":0}},"149":{"start":{"line":150,"column":0},"end":{"line":150,"column":114}},"150":{"start":{"line":151,"column":0},"end":{"line":151,"column":22}},"151":{"start":{"line":152,"column":0},"end":{"line":152,"column":39}},"152":{"start":{"line":153,"column":0},"end":{"line":153,"column":35}},"153":{"start":{"line":154,"column":0},"end":{"line":154,"column":45}},"154":{"start":{"line":155,"column":0},"end":{"line":155,"column":54}},"155":{"start":{"line":156,"column":0},"end":{"line":156,"column":28}},"156":{"start":{"line":157,"column":0},"end":{"line":157,"column":31}},"157":{"start":{"line":158,"column":0},"end":{"line":158,"column":31}},"158":{"start":{"line":159,"column":0},"end":{"line":159,"column":45}},"159":{"start":{"line":160,"column":0},"end":{"line":160,"column":14}},"160":{"start":{"line":161,"column":0},"end":{"line":161,"column":16}},"161":{"start":{"line":162,"column":0},"end":{"line":162,"column":0}},"162":{"start":{"line":163,"column":0},"end":{"line":163,"column":115}},"163":{"start":{"line":164,"column":0},"end":{"line":164,"column":57}},"164":{"start":{"line":165,"column":0},"end":{"line":165,"column":23}},"165":{"start":{"line":166,"column":0},"end":{"line":166,"column":28}},"166":{"start":{"line":167,"column":0},"end":{"line":167,"column":54}},"167":{"start":{"line":168,"column":0},"end":{"line":168,"column":46}},"168":{"start":{"line":169,"column":0},"end":{"line":169,"column":36}},"169":{"start":{"line":170,"column":0},"end":{"line":170,"column":80}},"170":{"start":{"line":171,"column":0},"end":{"line":171,"column":16}},"171":{"start":{"line":172,"column":0},"end":{"line":172,"column":14}},"172":{"start":{"line":173,"column":0},"end":{"line":173,"column":81}},"173":{"start":{"line":174,"column":0},"end":{"line":174,"column":16}},"174":{"start":{"line":175,"column":0},"end":{"line":175,"column":0}},"175":{"start":{"line":176,"column":0},"end":{"line":176,"column":115}},"176":{"start":{"line":177,"column":0},"end":{"line":177,"column":57}},"177":{"start":{"line":178,"column":0},"end":{"line":178,"column":23}},"178":{"start":{"line":179,"column":0},"end":{"line":179,"column":28}},"179":{"start":{"line":180,"column":0},"end":{"line":180,"column":54}},"180":{"start":{"line":181,"column":0},"end":{"line":181,"column":46}},"181":{"start":{"line":182,"column":0},"end":{"line":182,"column":36}},"182":{"start":{"line":183,"column":0},"end":{"line":183,"column":80}},"183":{"start":{"line":184,"column":0},"end":{"line":184,"column":16}},"184":{"start":{"line":185,"column":0},"end":{"line":185,"column":14}},"185":{"start":{"line":186,"column":0},"end":{"line":186,"column":81}},"186":{"start":{"line":187,"column":0},"end":{"line":187,"column":16}},"187":{"start":{"line":188,"column":0},"end":{"line":188,"column":14}},"188":{"start":{"line":189,"column":0},"end":{"line":189,"column":17}},"189":{"start":{"line":190,"column":0},"end":{"line":190,"column":0}},"190":{"start":{"line":191,"column":0},"end":{"line":191,"column":16}},"191":{"start":{"line":192,"column":0},"end":{"line":192,"column":16}},"192":{"start":{"line":193,"column":0},"end":{"line":193,"column":43}},"193":{"start":{"line":194,"column":0},"end":{"line":194,"column":17}},"194":{"start":{"line":195,"column":0},"end":{"line":195,"column":0}},"195":{"start":{"line":196,"column":0},"end":{"line":196,"column":92}},"196":{"start":{"line":197,"column":0},"end":{"line":197,"column":20}},"197":{"start":{"line":198,"column":0},"end":{"line":198,"column":37}},"198":{"start":{"line":199,"column":0},"end":{"line":199,"column":31}},"199":{"start":{"line":200,"column":0},"end":{"line":200,"column":43}},"200":{"start":{"line":201,"column":0},"end":{"line":201,"column":50}},"201":{"start":{"line":202,"column":0},"end":{"line":202,"column":23}},"202":{"start":{"line":203,"column":0},"end":{"line":203,"column":26}},"203":{"start":{"line":204,"column":0},"end":{"line":204,"column":64}},"204":{"start":{"line":205,"column":0},"end":{"line":205,"column":44}},"205":{"start":{"line":206,"column":0},"end":{"line":206,"column":12}},"206":{"start":{"line":207,"column":0},"end":{"line":207,"column":14}},"207":{"start":{"line":208,"column":0},"end":{"line":208,"column":0}},"208":{"start":{"line":209,"column":0},"end":{"line":209,"column":41}},"209":{"start":{"line":210,"column":0},"end":{"line":210,"column":110}},"210":{"start":{"line":211,"column":0},"end":{"line":211,"column":22}},"211":{"start":{"line":212,"column":0},"end":{"line":212,"column":39}},"212":{"start":{"line":213,"column":0},"end":{"line":213,"column":31}},"213":{"start":{"line":214,"column":0},"end":{"line":214,"column":45}},"214":{"start":{"line":215,"column":0},"end":{"line":215,"column":50}},"215":{"start":{"line":216,"column":0},"end":{"line":216,"column":23}},"216":{"start":{"line":217,"column":0},"end":{"line":217,"column":26}},"217":{"start":{"line":218,"column":0},"end":{"line":218,"column":41}},"218":{"start":{"line":219,"column":0},"end":{"line":219,"column":45}},"219":{"start":{"line":220,"column":0},"end":{"line":220,"column":14}},"220":{"start":{"line":221,"column":0},"end":{"line":221,"column":16}},"221":{"start":{"line":222,"column":0},"end":{"line":222,"column":0}},"222":{"start":{"line":223,"column":0},"end":{"line":223,"column":111}},"223":{"start":{"line":224,"column":0},"end":{"line":224,"column":19}},"224":{"start":{"line":225,"column":0},"end":{"line":225,"column":39}},"225":{"start":{"line":226,"column":0},"end":{"line":226,"column":32}},"226":{"start":{"line":227,"column":0},"end":{"line":227,"column":45}},"227":{"start":{"line":228,"column":0},"end":{"line":228,"column":51}},"228":{"start":{"line":229,"column":0},"end":{"line":229,"column":24}},"229":{"start":{"line":230,"column":0},"end":{"line":230,"column":27}},"230":{"start":{"line":231,"column":0},"end":{"line":231,"column":34}},"231":{"start":{"line":232,"column":0},"end":{"line":232,"column":30}},"232":{"start":{"line":233,"column":0},"end":{"line":233,"column":46}},"233":{"start":{"line":234,"column":0},"end":{"line":234,"column":14}},"234":{"start":{"line":235,"column":0},"end":{"line":235,"column":16}},"235":{"start":{"line":236,"column":0},"end":{"line":236,"column":0}},"236":{"start":{"line":237,"column":0},"end":{"line":237,"column":96}},"237":{"start":{"line":238,"column":0},"end":{"line":238,"column":24}},"238":{"start":{"line":239,"column":0},"end":{"line":239,"column":39}},"239":{"start":{"line":240,"column":0},"end":{"line":240,"column":34}},"240":{"start":{"line":241,"column":0},"end":{"line":241,"column":45}},"241":{"start":{"line":242,"column":0},"end":{"line":242,"column":53}},"242":{"start":{"line":243,"column":0},"end":{"line":243,"column":27}},"243":{"start":{"line":244,"column":0},"end":{"line":244,"column":35}},"244":{"start":{"line":245,"column":0},"end":{"line":245,"column":33}},"245":{"start":{"line":246,"column":0},"end":{"line":246,"column":44}},"246":{"start":{"line":247,"column":0},"end":{"line":247,"column":14}},"247":{"start":{"line":248,"column":0},"end":{"line":248,"column":16}},"248":{"start":{"line":249,"column":0},"end":{"line":249,"column":14}},"249":{"start":{"line":250,"column":0},"end":{"line":250,"column":17}},"250":{"start":{"line":251,"column":0},"end":{"line":251,"column":0}},"251":{"start":{"line":252,"column":0},"end":{"line":252,"column":39}},"252":{"start":{"line":253,"column":0},"end":{"line":253,"column":113}},"253":{"start":{"line":254,"column":0},"end":{"line":254,"column":17}},"254":{"start":{"line":255,"column":0},"end":{"line":255,"column":37}},"255":{"start":{"line":256,"column":0},"end":{"line":256,"column":35}},"256":{"start":{"line":257,"column":0},"end":{"line":257,"column":43}},"257":{"start":{"line":258,"column":0},"end":{"line":258,"column":54}},"258":{"start":{"line":259,"column":0},"end":{"line":259,"column":27}},"259":{"start":{"line":260,"column":0},"end":{"line":260,"column":30}},"260":{"start":{"line":261,"column":0},"end":{"line":261,"column":32}},"261":{"start":{"line":262,"column":0},"end":{"line":262,"column":32}},"262":{"start":{"line":263,"column":0},"end":{"line":263,"column":44}},"263":{"start":{"line":264,"column":0},"end":{"line":264,"column":12}},"264":{"start":{"line":265,"column":0},"end":{"line":265,"column":14}},"265":{"start":{"line":266,"column":0},"end":{"line":266,"column":12}},"266":{"start":{"line":267,"column":0},"end":{"line":267,"column":0}},"267":{"start":{"line":268,"column":0},"end":{"line":268,"column":18}},"268":{"start":{"line":269,"column":0},"end":{"line":269,"column":22}},"269":{"start":{"line":270,"column":0},"end":{"line":270,"column":36}},"270":{"start":{"line":271,"column":0},"end":{"line":271,"column":31}},"271":{"start":{"line":272,"column":0},"end":{"line":272,"column":33}},"272":{"start":{"line":273,"column":0},"end":{"line":273,"column":39}},"273":{"start":{"line":274,"column":0},"end":{"line":274,"column":45}},"274":{"start":{"line":275,"column":0},"end":{"line":275,"column":8}},"275":{"start":{"line":276,"column":0},"end":{"line":276,"column":11}},"276":{"start":{"line":277,"column":0},"end":{"line":277,"column":4}},"277":{"start":{"line":278,"column":0},"end":{"line":278,"column":1}}},"s":{"0":1,"1":1,"2":1,"3":1,"4":1,"5":1,"6":1,"7":1,"8":1,"9":85,"10":85,"11":85,"12":85,"13":85,"14":85,"15":85,"16":85,"17":85,"18":85,"19":85,"20":85,"21":85,"22":85,"23":85,"24":85,"25":85,"26":85,"27":85,"28":85,"29":85,"30":85,"31":85,"32":85,"33":85,"34":85,"35":8,"36":8,"37":85,"38":85,"39":8,"40":8,"41":8,"42":8,"43":8,"44":8,"45":8,"46":8,"47":8,"48":8,"49":8,"50":8,"51":8,"52":8,"53":8,"54":8,"55":1,"56":1,"57":1,"58":8,"59":7,"60":7,"61":7,"62":8,"63":8,"64":3,"65":8,"66":5,"67":5,"68":5,"69":8,"70":8,"71":8,"72":8,"73":8,"74":0,"75":0,"76":8,"77":8,"78":8,"79":8,"80":8,"81":0,"82":0,"83":8,"84":8,"85":4,"86":4,"87":4,"88":4,"89":4,"90":8,"91":8,"92":5,"93":8,"94":3,"95":3,"96":3,"97":8,"98":8,"99":6,"100":8,"101":2,"102":2,"103":2,"104":8,"105":8,"106":7,"107":8,"108":1,"109":1,"110":1,"111":8,"112":8,"113":7,"114":8,"115":1,"116":1,"117":1,"118":8,"119":8,"120":8,"121":8,"122":85,"123":85,"124":85,"125":85,"126":85,"127":85,"128":85,"129":85,"130":85,"131":85,"132":85,"133":85,"134":85,"135":85,"136":85,"137":85,"138":85,"139":85,"140":85,"141":85,"142":85,"143":85,"144":85,"145":85,"146":85,"147":85,"148":85,"149":85,"150":85,"151":85,"152":85,"153":85,"154":85,"155":85,"156":85,"157":85,"158":85,"159":85,"160":85,"161":85,"162":85,"163":85,"164":85,"165":85,"166":85,"167":85,"168":85,"169":0,"170":0,"171":85,"172":85,"173":85,"174":85,"175":85,"176":85,"177":85,"178":85,"179":85,"180":85,"181":85,"182":0,"183":0,"184":85,"185":85,"186":85,"187":85,"188":85,"189":85,"190":85,"191":85,"192":85,"193":85,"194":85,"195":85,"196":85,"197":85,"198":85,"199":85,"200":85,"201":85,"202":85,"203":85,"204":85,"205":85,"206":85,"207":85,"208":85,"209":85,"210":85,"211":85,"212":85,"213":85,"214":85,"215":85,"216":85,"217":85,"218":85,"219":85,"220":85,"221":85,"222":85,"223":85,"224":85,"225":85,"226":85,"227":85,"228":85,"229":85,"230":85,"231":85,"232":85,"233":85,"234":85,"235":85,"236":85,"237":85,"238":85,"239":85,"240":85,"241":85,"242":85,"243":85,"244":85,"245":85,"246":85,"247":85,"248":85,"249":85,"250":85,"251":85,"252":85,"253":85,"254":85,"255":85,"256":85,"257":85,"258":85,"259":85,"260":85,"261":85,"262":85,"263":85,"264":85,"265":85,"266":85,"267":85,"268":85,"269":85,"270":85,"271":85,"272":85,"273":85,"274":85,"275":85,"276":85,"277":85},"branchMap":{"0":{"type":"branch","line":9,"loc":{"start":{"line":9,"column":15},"end":{"line":278,"column":1}},"locations":[{"start":{"line":9,"column":15},"end":{"line":278,"column":1}}]},"1":{"type":"branch","line":137,"loc":{"start":{"line":137,"column":82},"end":{"line":137,"column":109}},"locations":[{"start":{"line":137,"column":82},"end":{"line":137,"column":109}}]},"2":{"type":"branch","line":137,"loc":{"start":{"line":137,"column":85},"end":{"line":137,"column":112}},"locations":[{"start":{"line":137,"column":85},"end":{"line":137,"column":112}}]},"3":{"type":"branch","line":150,"loc":{"start":{"line":150,"column":81},"end":{"line":150,"column":108}},"locations":[{"start":{"line":150,"column":81},"end":{"line":150,"column":108}}]},"4":{"type":"branch","line":150,"loc":{"start":{"line":150,"column":84},"end":{"line":150,"column":111}},"locations":[{"start":{"line":150,"column":84},"end":{"line":150,"column":111}}]},"5":{"type":"branch","line":163,"loc":{"start":{"line":163,"column":82},"end":{"line":163,"column":109}},"locations":[{"start":{"line":163,"column":82},"end":{"line":163,"column":109}}]},"6":{"type":"branch","line":176,"loc":{"start":{"line":176,"column":82},"end":{"line":176,"column":109}},"locations":[{"start":{"line":176,"column":82},"end":{"line":176,"column":109}}]},"7":{"type":"branch","line":196,"loc":{"start":{"line":196,"column":59},"end":{"line":196,"column":86}},"locations":[{"start":{"line":196,"column":59},"end":{"line":196,"column":86}}]},"8":{"type":"branch","line":196,"loc":{"start":{"line":196,"column":62},"end":{"line":196,"column":89}},"locations":[{"start":{"line":196,"column":62},"end":{"line":196,"column":89}}]},"9":{"type":"branch","line":210,"loc":{"start":{"line":210,"column":77},"end":{"line":210,"column":104}},"locations":[{"start":{"line":210,"column":77},"end":{"line":210,"column":104}}]},"10":{"type":"branch","line":210,"loc":{"start":{"line":210,"column":80},"end":{"line":210,"column":107}},"locations":[{"start":{"line":210,"column":80},"end":{"line":210,"column":107}}]},"11":{"type":"branch","line":223,"loc":{"start":{"line":223,"column":78},"end":{"line":223,"column":105}},"locations":[{"start":{"line":223,"column":78},"end":{"line":223,"column":105}}]},"12":{"type":"branch","line":223,"loc":{"start":{"line":223,"column":81},"end":{"line":223,"column":108}},"locations":[{"start":{"line":223,"column":81},"end":{"line":223,"column":108}}]},"13":{"type":"branch","line":237,"loc":{"start":{"line":237,"column":63},"end":{"line":237,"column":90}},"locations":[{"start":{"line":237,"column":63},"end":{"line":237,"column":90}}]},"14":{"type":"branch","line":237,"loc":{"start":{"line":237,"column":66},"end":{"line":237,"column":93}},"locations":[{"start":{"line":237,"column":66},"end":{"line":237,"column":93}}]},"15":{"type":"branch","line":253,"loc":{"start":{"line":253,"column":80},"end":{"line":253,"column":107}},"locations":[{"start":{"line":253,"column":80},"end":{"line":253,"column":107}}]},"16":{"type":"branch","line":253,"loc":{"start":{"line":253,"column":83},"end":{"line":253,"column":110}},"locations":[{"start":{"line":253,"column":83},"end":{"line":253,"column":110}}]},"17":{"type":"branch","line":35,"loc":{"start":{"line":35,"column":2},"end":{"line":37,"column":3}},"locations":[{"start":{"line":35,"column":2},"end":{"line":37,"column":3}}]},"18":{"type":"branch","line":39,"loc":{"start":{"line":39,"column":2},"end":{"line":122,"column":3}},"locations":[{"start":{"line":39,"column":2},"end":{"line":122,"column":3}}]},"19":{"type":"branch","line":55,"loc":{"start":{"line":55,"column":39},"end":{"line":55,"column":79}},"locations":[{"start":{"line":55,"column":39},"end":{"line":55,"column":79}}]},"20":{"type":"branch","line":55,"loc":{"start":{"line":55,"column":79},"end":{"line":59,"column":11}},"locations":[{"start":{"line":55,"column":79},"end":{"line":59,"column":11}}]},"21":{"type":"branch","line":59,"loc":{"start":{"line":59,"column":4},"end":{"line":62,"column":5}},"locations":[{"start":{"line":59,"column":4},"end":{"line":62,"column":5}}]},"22":{"type":"branch","line":64,"loc":{"start":{"line":64,"column":38},"end":{"line":64,"column":77}},"locations":[{"start":{"line":64,"column":38},"end":{"line":64,"column":77}}]},"23":{"type":"branch","line":64,"loc":{"start":{"line":64,"column":77},"end":{"line":66,"column":11}},"locations":[{"start":{"line":64,"column":77},"end":{"line":66,"column":11}}]},"24":{"type":"branch","line":66,"loc":{"start":{"line":66,"column":4},"end":{"line":69,"column":5}},"locations":[{"start":{"line":66,"column":4},"end":{"line":69,"column":5}}]},"25":{"type":"branch","line":74,"loc":{"start":{"line":74,"column":4},"end":{"line":76,"column":5}},"locations":[{"start":{"line":74,"column":4},"end":{"line":76,"column":5}}]},"26":{"type":"branch","line":81,"loc":{"start":{"line":81,"column":4},"end":{"line":83,"column":5}},"locations":[{"start":{"line":81,"column":4},"end":{"line":83,"column":5}}]},"27":{"type":"branch","line":85,"loc":{"start":{"line":85,"column":36},"end":{"line":85,"column":74}},"locations":[{"start":{"line":85,"column":36},"end":{"line":85,"column":74}}]},"28":{"type":"branch","line":85,"loc":{"start":{"line":85,"column":74},"end":{"line":90,"column":5}},"locations":[{"start":{"line":85,"column":74},"end":{"line":90,"column":5}}]},"29":{"type":"branch","line":92,"loc":{"start":{"line":92,"column":34},"end":{"line":92,"column":69}},"locations":[{"start":{"line":92,"column":34},"end":{"line":92,"column":69}}]},"30":{"type":"branch","line":92,"loc":{"start":{"line":92,"column":69},"end":{"line":94,"column":11}},"locations":[{"start":{"line":92,"column":69},"end":{"line":94,"column":11}}]},"31":{"type":"branch","line":94,"loc":{"start":{"line":94,"column":4},"end":{"line":97,"column":5}},"locations":[{"start":{"line":94,"column":4},"end":{"line":97,"column":5}}]},"32":{"type":"branch","line":99,"loc":{"start":{"line":99,"column":53},"end":{"line":101,"column":11}},"locations":[{"start":{"line":99,"column":53},"end":{"line":101,"column":11}}]},"33":{"type":"branch","line":101,"loc":{"start":{"line":101,"column":4},"end":{"line":104,"column":5}},"locations":[{"start":{"line":101,"column":4},"end":{"line":104,"column":5}}]},"34":{"type":"branch","line":106,"loc":{"start":{"line":106,"column":34},"end":{"line":108,"column":11}},"locations":[{"start":{"line":106,"column":34},"end":{"line":108,"column":11}}]},"35":{"type":"branch","line":108,"loc":{"start":{"line":108,"column":4},"end":{"line":111,"column":5}},"locations":[{"start":{"line":108,"column":4},"end":{"line":111,"column":5}}]},"36":{"type":"branch","line":113,"loc":{"start":{"line":113,"column":39},"end":{"line":115,"column":11}},"locations":[{"start":{"line":113,"column":39},"end":{"line":115,"column":11}}]},"37":{"type":"branch","line":115,"loc":{"start":{"line":115,"column":4},"end":{"line":118,"column":5}},"locations":[{"start":{"line":115,"column":4},"end":{"line":118,"column":5}}]},"38":{"type":"branch","line":58,"loc":{"start":{"line":58,"column":24},"end":{"line":58,"column":68}},"locations":[{"start":{"line":58,"column":24},"end":{"line":58,"column":68}}]},"39":{"type":"branch","line":61,"loc":{"start":{"line":61,"column":24},"end":{"line":61,"column":69}},"locations":[{"start":{"line":61,"column":24},"end":{"line":61,"column":69}}]},"40":{"type":"branch","line":65,"loc":{"start":{"line":65,"column":24},"end":{"line":65,"column":67}},"locations":[{"start":{"line":65,"column":24},"end":{"line":65,"column":67}}]},"41":{"type":"branch","line":68,"loc":{"start":{"line":68,"column":24},"end":{"line":68,"column":68}},"locations":[{"start":{"line":68,"column":24},"end":{"line":68,"column":68}}]},"42":{"type":"branch","line":73,"loc":{"start":{"line":73,"column":24},"end":{"line":73,"column":69}},"locations":[{"start":{"line":73,"column":24},"end":{"line":73,"column":69}}]},"43":{"type":"branch","line":80,"loc":{"start":{"line":80,"column":24},"end":{"line":80,"column":69}},"locations":[{"start":{"line":80,"column":24},"end":{"line":80,"column":69}}]},"44":{"type":"branch","line":86,"loc":{"start":{"line":86,"column":24},"end":{"line":86,"column":65}},"locations":[{"start":{"line":86,"column":24},"end":{"line":86,"column":65}}]},"45":{"type":"branch","line":89,"loc":{"start":{"line":89,"column":24},"end":{"line":89,"column":66}},"locations":[{"start":{"line":89,"column":24},"end":{"line":89,"column":66}}]},"46":{"type":"branch","line":93,"loc":{"start":{"line":93,"column":24},"end":{"line":93,"column":63}},"locations":[{"start":{"line":93,"column":24},"end":{"line":93,"column":63}}]},"47":{"type":"branch","line":96,"loc":{"start":{"line":96,"column":24},"end":{"line":96,"column":64}},"locations":[{"start":{"line":96,"column":24},"end":{"line":96,"column":64}}]},"48":{"type":"branch","line":100,"loc":{"start":{"line":100,"column":24},"end":{"line":100,"column":66}},"locations":[{"start":{"line":100,"column":24},"end":{"line":100,"column":66}}]},"49":{"type":"branch","line":103,"loc":{"start":{"line":103,"column":24},"end":{"line":103,"column":67}},"locations":[{"start":{"line":103,"column":24},"end":{"line":103,"column":67}}]},"50":{"type":"branch","line":107,"loc":{"start":{"line":107,"column":24},"end":{"line":107,"column":64}},"locations":[{"start":{"line":107,"column":24},"end":{"line":107,"column":64}}]},"51":{"type":"branch","line":110,"loc":{"start":{"line":110,"column":24},"end":{"line":110,"column":65}},"locations":[{"start":{"line":110,"column":24},"end":{"line":110,"column":65}}]},"52":{"type":"branch","line":114,"loc":{"start":{"line":114,"column":24},"end":{"line":114,"column":69}},"locations":[{"start":{"line":114,"column":24},"end":{"line":114,"column":69}}]},"53":{"type":"branch","line":117,"loc":{"start":{"line":117,"column":24},"end":{"line":117,"column":70}},"locations":[{"start":{"line":117,"column":24},"end":{"line":117,"column":70}}]},"54":{"type":"branch","line":121,"loc":{"start":{"line":121,"column":41},"end":{"line":121,"column":59}},"locations":[{"start":{"line":121,"column":41},"end":{"line":121,"column":59}}]},"55":{"type":"branch","line":128,"loc":{"start":{"line":128,"column":16},"end":{"line":128,"column":39}},"locations":[{"start":{"line":128,"column":16},"end":{"line":128,"column":39}}]}},"b":{"0":[85],"1":[1],"2":[84],"3":[6],"4":[79],"5":[0],"6":[0],"7":[45],"8":[40],"9":[59],"10":[26],"11":[68],"12":[17],"13":[65],"14":[20],"15":[68],"16":[17],"17":[8],"18":[8],"19":[7],"20":[1],"21":[7],"22":[5],"23":[3],"24":[5],"25":[0],"26":[0],"27":[4],"28":[4],"29":[3],"30":[5],"31":[3],"32":[6],"33":[2],"34":[7],"35":[1],"36":[7],"37":[1],"38":[1],"39":[7],"40":[3],"41":[5],"42":[8],"43":[8],"44":[4],"45":[4],"46":[5],"47":[3],"48":[6],"49":[2],"50":[7],"51":[1],"52":[7],"53":[1],"54":[39],"55":[8]},"fnMap":{"0":{"name":"AddEmployeeForm","decl":{"start":{"line":9,"column":15},"end":{"line":278,"column":1}},"loc":{"start":{"line":9,"column":15},"end":{"line":278,"column":1}},"line":9},"1":{"name":"handleSubmit","decl":{"start":{"line":35,"column":2},"end":{"line":37,"column":3}},"loc":{"start":{"line":35,"column":2},"end":{"line":37,"column":3}},"line":35},"2":{"name":"validation","decl":{"start":{"line":39,"column":2},"end":{"line":122,"column":3}},"loc":{"start":{"line":39,"column":2},"end":{"line":122,"column":3}},"line":39},"3":{"name":"onSubmit","decl":{"start":{"line":128,"column":16},"end":{"line":128,"column":39}},"loc":{"start":{"line":128,"column":16},"end":{"line":128,"column":39}},"line":128},"4":{"name":"onChange","decl":{"start":{"line":169,"column":24},"end":{"line":171,"column":16}},"loc":{"start":{"line":169,"column":24},"end":{"line":171,"column":16}},"line":169},"5":{"name":"onChange","decl":{"start":{"line":182,"column":24},"end":{"line":184,"column":16}},"loc":{"start":{"line":182,"column":24},"end":{"line":184,"column":16}},"line":182}},"f":{"0":85,"1":8,"2":8,"3":8,"4":0,"5":0}}
,"/home/caver/Documents/OC-WealthHealth/src/components/Header/Header.tsx": {"path":"/home/caver/Documents/OC-WealthHealth/src/components/Header/Header.tsx","all":false,"statementMap":{"0":{"start":{"line":1,"column":0},"end":{"line":1,"column":34}},"1":{"start":{"line":2,"column":0},"end":{"line":2,"column":10}},"2":{"start":{"line":3,"column":0},"end":{"line":3,"column":28}},"3":{"start":{"line":4,"column":0},"end":{"line":4,"column":31}},"4":{"start":{"line":5,"column":0},"end":{"line":5,"column":27}},"5":{"start":{"line":6,"column":0},"end":{"line":6,"column":13}},"6":{"start":{"line":7,"column":0},"end":{"line":7,"column":27}},"7":{"start":{"line":8,"column":0},"end":{"line":8,"column":10}},"8":{"start":{"line":9,"column":0},"end":{"line":9,"column":4}},"9":{"start":{"line":10,"column":0},"end":{"line":10,"column":1}}},"s":{"0":1,"1":15,"2":15,"3":15,"4":15,"5":15,"6":15,"7":15,"8":15,"9":15},"branchMap":{"0":{"type":"branch","line":1,"loc":{"start":{"line":1,"column":15},"end":{"line":10,"column":1}},"locations":[{"start":{"line":1,"column":15},"end":{"line":10,"column":1}}]}},"b":{"0":[15]},"fnMap":{"0":{"name":"Header","decl":{"start":{"line":1,"column":15},"end":{"line":10,"column":1}},"loc":{"start":{"line":1,"column":15},"end":{"line":10,"column":1}},"line":1}},"f":{"0":15}}
,"/home/caver/Documents/OC-WealthHealth/src/components/Modals/SubmitModal/SubmitModal.tsx": {"path":"/home/caver/Documents/OC-WealthHealth/src/components/Modals/SubmitModal/SubmitModal.tsx","all":false,"statementMap":{"0":{"start":{"line":1,"column":0},"end":{"line":1,"column":57}},"1":{"start":{"line":2,"column":0},"end":{"line":2,"column":41}},"2":{"start":{"line":3,"column":0},"end":{"line":3,"column":59}},"3":{"start":{"line":4,"column":0},"end":{"line":4,"column":42}},"4":{"start":{"line":5,"column":0},"end":{"line":5,"column":60}},"5":{"start":{"line":6,"column":0},"end":{"line":6,"column":0}},"6":{"start":{"line":7,"column":0},"end":{"line":7,"column":257}},"7":{"start":{"line":8,"column":0},"end":{"line":8,"column":4}},"8":{"start":{"line":9,"column":0},"end":{"line":9,"column":9}},"9":{"start":{"line":10,"column":0},"end":{"line":10,"column":51}},"10":{"start":{"line":11,"column":0},"end":{"line":11,"column":50}},"11":{"start":{"line":12,"column":0},"end":{"line":12,"column":21}},"12":{"start":{"line":13,"column":0},"end":{"line":13,"column":60}},"13":{"start":{"line":14,"column":0},"end":{"line":14,"column":84}},"14":{"start":{"line":15,"column":0},"end":{"line":15,"column":70}},"15":{"start":{"line":16,"column":0},"end":{"line":16,"column":77}},"16":{"start":{"line":17,"column":0},"end":{"line":17,"column":51}},"17":{"start":{"line":18,"column":0},"end":{"line":18,"column":4}},"18":{"start":{"line":19,"column":0},"end":{"line":19,"column":0}},"19":{"start":{"line":20,"column":0},"end":{"line":20,"column":33}},"20":{"start":{"line":21,"column":0},"end":{"line":21,"column":0}},"21":{"start":{"line":22,"column":0},"end":{"line":22,"column":52}},"22":{"start":{"line":23,"column":0},"end":{"line":23,"column":0}},"23":{"start":{"line":24,"column":0},"end":{"line":24,"column":25}},"24":{"start":{"line":25,"column":0},"end":{"line":25,"column":23}},"25":{"start":{"line":26,"column":0},"end":{"line":26,"column":3}},"26":{"start":{"line":27,"column":0},"end":{"line":27,"column":0}},"27":{"start":{"line":28,"column":0},"end":{"line":28,"column":26}},"28":{"start":{"line":29,"column":0},"end":{"line":29,"column":24}},"29":{"start":{"line":30,"column":0},"end":{"line":30,"column":3}},"30":{"start":{"line":31,"column":0},"end":{"line":31,"column":0}},"31":{"start":{"line":32,"column":0},"end":{"line":32,"column":57}},"32":{"start":{"line":33,"column":0},"end":{"line":33,"column":29}},"33":{"start":{"line":34,"column":0},"end":{"line":34,"column":20}},"34":{"start":{"line":35,"column":0},"end":{"line":35,"column":5}},"35":{"start":{"line":36,"column":0},"end":{"line":36,"column":9}},"36":{"start":{"line":37,"column":0},"end":{"line":37,"column":0}},"37":{"start":{"line":38,"column":0},"end":{"line":38,"column":19}},"38":{"start":{"line":39,"column":0},"end":{"line":39,"column":50}},"39":{"start":{"line":40,"column":0},"end":{"line":40,"column":52}},"40":{"start":{"line":41,"column":0},"end":{"line":41,"column":0}},"41":{"start":{"line":42,"column":0},"end":{"line":42,"column":61}},"42":{"start":{"line":43,"column":0},"end":{"line":43,"column":18}},"43":{"start":{"line":44,"column":0},"end":{"line":44,"column":55}},"44":{"start":{"line":45,"column":0},"end":{"line":45,"column":57}},"45":{"start":{"line":46,"column":0},"end":{"line":46,"column":6}},"46":{"start":{"line":47,"column":0},"end":{"line":47,"column":20}},"47":{"start":{"line":48,"column":0},"end":{"line":48,"column":0}},"48":{"start":{"line":49,"column":0},"end":{"line":49,"column":10}},"49":{"start":{"line":50,"column":0},"end":{"line":50,"column":6}},"50":{"start":{"line":51,"column":0},"end":{"line":51,"column":13}},"51":{"start":{"line":52,"column":0},"end":{"line":52,"column":21}},"52":{"start":{"line":53,"column":0},"end":{"line":53,"column":41}},"53":{"start":{"line":54,"column":0},"end":{"line":54,"column":25}},"54":{"start":{"line":55,"column":0},"end":{"line":55,"column":30}},"55":{"start":{"line":56,"column":0},"end":{"line":56,"column":33}},"56":{"start":{"line":57,"column":0},"end":{"line":57,"column":40}},"57":{"start":{"line":58,"column":0},"end":{"line":58,"column":41}},"58":{"start":{"line":59,"column":0},"end":{"line":59,"column":39}},"59":{"start":{"line":60,"column":0},"end":{"line":60,"column":0}},"60":{"start":{"line":61,"column":0},"end":{"line":61,"column":134}},"61":{"start":{"line":62,"column":0},"end":{"line":62,"column":182}},"62":{"start":{"line":63,"column":0},"end":{"line":63,"column":0}},"63":{"start":{"line":64,"column":0},"end":{"line":64,"column":168}},"64":{"start":{"line":65,"column":0},"end":{"line":65,"column":0}},"65":{"start":{"line":66,"column":0},"end":{"line":66,"column":29}},"66":{"start":{"line":67,"column":0},"end":{"line":67,"column":25}},"67":{"start":{"line":68,"column":0},"end":{"line":68,"column":11}},"68":{"start":{"line":69,"column":0},"end":{"line":69,"column":10}},"69":{"start":{"line":70,"column":0},"end":{"line":70,"column":7}},"70":{"start":{"line":71,"column":0},"end":{"line":71,"column":17}},"71":{"start":{"line":72,"column":0},"end":{"line":72,"column":15}},"72":{"start":{"line":73,"column":0},"end":{"line":73,"column":0}},"73":{"start":{"line":74,"column":0},"end":{"line":74,"column":19}},"74":{"start":{"line":75,"column":0},"end":{"line":75,"column":21}},"75":{"start":{"line":76,"column":0},"end":{"line":76,"column":37}},"76":{"start":{"line":77,"column":0},"end":{"line":77,"column":16}},"77":{"start":{"line":78,"column":0},"end":{"line":78,"column":31}},"78":{"start":{"line":79,"column":0},"end":{"line":79,"column":31}},"79":{"start":{"line":80,"column":0},"end":{"line":80,"column":36}},"80":{"start":{"line":81,"column":0},"end":{"line":81,"column":16}},"81":{"start":{"line":82,"column":0},"end":{"line":82,"column":13}},"82":{"start":{"line":83,"column":0},"end":{"line":83,"column":53}},"83":{"start":{"line":84,"column":0},"end":{"line":84,"column":18}},"84":{"start":{"line":85,"column":0},"end":{"line":85,"column":37}},"85":{"start":{"line":86,"column":0},"end":{"line":86,"column":39}},"86":{"start":{"line":87,"column":0},"end":{"line":87,"column":50}},"87":{"start":{"line":88,"column":0},"end":{"line":88,"column":37}},"88":{"start":{"line":89,"column":0},"end":{"line":89,"column":15}},"89":{"start":{"line":90,"column":0},"end":{"line":90,"column":310}},"90":{"start":{"line":91,"column":0},"end":{"line":91,"column":20}},"91":{"start":{"line":92,"column":0},"end":{"line":92,"column":36}},"92":{"start":{"line":93,"column":0},"end":{"line":93,"column":18}},"93":{"start":{"line":94,"column":0},"end":{"line":94,"column":17}},"94":{"start":{"line":95,"column":0},"end":{"line":95,"column":23}},"95":{"start":{"line":96,"column":0},"end":{"line":96,"column":10}},"96":{"start":{"line":97,"column":0},"end":{"line":97,"column":7}},"97":{"start":{"line":98,"column":0},"end":{"line":98,"column":4}},"98":{"start":{"line":99,"column":0},"end":{"line":99,"column":1}}},"s":{"0":1,"1":1,"2":1,"3":1,"4":1,"5":1,"6":1,"7":85,"8":85,"9":85,"10":85,"11":85,"12":85,"13":85,"14":85,"15":85,"16":85,"17":85,"18":85,"19":85,"20":85,"21":85,"22":85,"23":85,"24":1,"25":1,"26":85,"27":85,"28":11,"29":11,"30":85,"31":85,"32":74,"33":0,"34":0,"35":85,"36":85,"37":85,"38":8,"39":8,"40":8,"41":8,"42":8,"43":8,"44":8,"45":8,"46":85,"47":85,"48":85,"49":85,"50":85,"51":85,"52":85,"53":85,"54":8,"55":8,"56":8,"57":1,"58":1,"59":1,"60":1,"61":1,"62":1,"63":1,"64":1,"65":1,"66":1,"67":1,"68":8,"69":85,"70":85,"71":85,"72":85,"73":85,"74":1,"75":1,"76":1,"77":1,"78":1,"79":0,"80":0,"81":1,"82":1,"83":1,"84":1,"85":1,"86":1,"87":1,"88":1,"89":1,"90":1,"91":1,"92":1,"93":1,"94":1,"95":85,"96":85,"97":85,"98":85},"branchMap":{"0":{"type":"branch","line":7,"loc":{"start":{"line":7,"column":15},"end":{"line":99,"column":1}},"locations":[{"start":{"line":7,"column":15},"end":{"line":99,"column":1}}]},"1":{"type":"branch","line":74,"loc":{"start":{"line":74,"column":7},"end":{"line":95,"column":23}},"locations":[{"start":{"line":74,"column":7},"end":{"line":95,"column":23}}]},"2":{"type":"branch","line":24,"loc":{"start":{"line":24,"column":2},"end":{"line":26,"column":3}},"locations":[{"start":{"line":24,"column":2},"end":{"line":26,"column":3}}]},"3":{"type":"branch","line":28,"loc":{"start":{"line":28,"column":2},"end":{"line":30,"column":3}},"locations":[{"start":{"line":28,"column":2},"end":{"line":30,"column":3}}]},"4":{"type":"branch","line":32,"loc":{"start":{"line":32,"column":34},"end":{"line":36,"column":5}},"locations":[{"start":{"line":32,"column":34},"end":{"line":36,"column":5}}]},"5":{"type":"branch","line":33,"loc":{"start":{"line":33,"column":28},"end":{"line":35,"column":5}},"locations":[{"start":{"line":33,"column":28},"end":{"line":35,"column":5}}]},"6":{"type":"branch","line":38,"loc":{"start":{"line":38,"column":12},"end":{"line":47,"column":5}},"locations":[{"start":{"line":38,"column":12},"end":{"line":47,"column":5}}]},"7":{"type":"branch","line":43,"loc":{"start":{"line":43,"column":11},"end":{"line":46,"column":6}},"locations":[{"start":{"line":43,"column":11},"end":{"line":46,"column":6}}]},"8":{"type":"branch","line":54,"loc":{"start":{"line":54,"column":17},"end":{"line":69,"column":10}},"locations":[{"start":{"line":54,"column":17},"end":{"line":69,"column":10}}]},"9":{"type":"branch","line":57,"loc":{"start":{"line":57,"column":39},"end":{"line":68,"column":11}},"locations":[{"start":{"line":57,"column":39},"end":{"line":68,"column":11}}]}},"b":{"0":[85],"1":[1],"2":[1],"3":[11],"4":[74],"5":[0],"6":[8],"7":[8],"8":[8],"9":[1]},"fnMap":{"0":{"name":"Modal","decl":{"start":{"line":7,"column":15},"end":{"line":99,"column":1}},"loc":{"start":{"line":7,"column":15},"end":{"line":99,"column":1}},"line":7},"1":{"name":"handleOpen","decl":{"start":{"line":24,"column":2},"end":{"line":26,"column":3}},"loc":{"start":{"line":24,"column":2},"end":{"line":26,"column":3}},"line":24},"2":{"name":"handleClose","decl":{"start":{"line":28,"column":2},"end":{"line":30,"column":3}},"loc":{"start":{"line":28,"column":2},"end":{"line":30,"column":3}},"line":28},"3":{"name":"onClick","decl":{"start":{"line":54,"column":17},"end":{"line":69,"column":10}},"loc":{"start":{"line":54,"column":17},"end":{"line":69,"column":10}},"line":54},"4":{"name":"onClick","decl":{"start":{"line":79,"column":23},"end":{"line":81,"column":16}},"loc":{"start":{"line":79,"column":23},"end":{"line":81,"column":16}},"line":79}},"f":{"0":85,"1":1,"2":11,"3":8,"4":0}}
,"/home/caver/Documents/OC-WealthHealth/src/components/inputs/NumberInput/NumberInput.tsx": {"path":"/home/caver/Documents/OC-WealthHealth/src/components/inputs/NumberInput/NumberInput.tsx","all":false,"statementMap":{"0":{"start":{"line":1,"column":0},"end":{"line":1,"column":72}},"1":{"start":{"line":2,"column":0},"end":{"line":2,"column":0}},"2":{"start":{"line":3,"column":0},"end":{"line":3,"column":165}},"3":{"start":{"line":4,"column":0},"end":{"line":4,"column":4}},"4":{"start":{"line":5,"column":0},"end":{"line":5,"column":41}},"5":{"start":{"line":6,"column":0},"end":{"line":6,"column":0}},"6":{"start":{"line":7,"column":0},"end":{"line":7,"column":11}},"7":{"start":{"line":8,"column":0},"end":{"line":8,"column":24}},"8":{"start":{"line":9,"column":0},"end":{"line":9,"column":71}},"9":{"start":{"line":10,"column":0},"end":{"line":10,"column":37}},"10":{"start":{"line":11,"column":0},"end":{"line":11,"column":81}},"11":{"start":{"line":12,"column":0},"end":{"line":12,"column":13}},"12":{"start":{"line":13,"column":0},"end":{"line":13,"column":15}},"13":{"start":{"line":14,"column":0},"end":{"line":14,"column":28}},"14":{"start":{"line":15,"column":0},"end":{"line":15,"column":49}},"15":{"start":{"line":16,"column":0},"end":{"line":16,"column":4}},"16":{"start":{"line":17,"column":0},"end":{"line":17,"column":0}},"17":{"start":{"line":18,"column":0},"end":{"line":18,"column":10}},"18":{"start":{"line":19,"column":0},"end":{"line":19,"column":6}},"19":{"start":{"line":20,"column":0},"end":{"line":20,"column":41}},"20":{"start":{"line":21,"column":0},"end":{"line":21,"column":12}},"21":{"start":{"line":22,"column":0},"end":{"line":22,"column":33}},"22":{"start":{"line":23,"column":0},"end":{"line":23,"column":21}},"23":{"start":{"line":24,"column":0},"end":{"line":24,"column":15}},"24":{"start":{"line":25,"column":0},"end":{"line":25,"column":67}},"25":{"start":{"line":26,"column":0},"end":{"line":26,"column":90}},"26":{"start":{"line":27,"column":0},"end":{"line":27,"column":8}},"27":{"start":{"line":28,"column":0},"end":{"line":28,"column":68}},"28":{"start":{"line":29,"column":0},"end":{"line":29,"column":7}},"29":{"start":{"line":30,"column":0},"end":{"line":30,"column":4}},"30":{"start":{"line":31,"column":0},"end":{"line":31,"column":1}}},"s":{"0":1,"1":1,"2":1,"3":85,"4":85,"5":85,"6":85,"7":85,"8":85,"9":85,"10":85,"11":85,"12":85,"13":85,"14":85,"15":85,"16":85,"17":85,"18":85,"19":85,"20":85,"21":85,"22":85,"23":85,"24":85,"25":85,"26":85,"27":85,"28":85,"29":85,"30":85},"branchMap":{"0":{"type":"branch","line":3,"loc":{"start":{"line":3,"column":15},"end":{"line":31,"column":1}},"locations":[{"start":{"line":3,"column":15},"end":{"line":31,"column":1}}]},"1":{"type":"branch","line":26,"loc":{"start":{"line":26,"column":18},"end":{"line":26,"column":90}},"locations":[{"start":{"line":26,"column":18},"end":{"line":26,"column":90}}]}},"b":{"0":[85],"1":[5]},"fnMap":{"0":{"name":"NumberInput","decl":{"start":{"line":3,"column":15},"end":{"line":31,"column":1}},"loc":{"start":{"line":3,"column":15},"end":{"line":31,"column":1}},"line":3},"1":{"name":"onChange","decl":{"start":{"line":26,"column":18},"end":{"line":26,"column":90}},"loc":{"start":{"line":26,"column":18},"end":{"line":26,"column":90}},"line":26}},"f":{"0":85,"1":5}}
[...]
:25}},"250":{"start":{"line":251,"column":0},"end":{"line":251,"column":25}},"251":{"start":{"line":252,"column":0},"end":{"line":252,"column":4}},"252":{"start":{"line":253,"column":0},"end":{"line":253,"column":3}},"253":{"start":{"line":254,"column":0},"end":{"line":254,"column":16}},"254":{"start":{"line":255,"column":0},"end":{"line":255,"column":30}},"255":{"start":{"line":256,"column":0},"end":{"line":256,"column":4}},"256":{"start":{"line":257,"column":0},"end":{"line":257,"column":3}},"257":{"start":{"line":258,"column":0},"end":{"line":258,"column":19}},"258":{"start":{"line":259,"column":0},"end":{"line":259,"column":19}},"259":{"start":{"line":260,"column":0},"end":{"line":260,"column":4}},"260":{"start":{"line":261,"column":0},"end":{"line":261,"column":2}}},"s":{"0":1,"1":1,"2":1,"3":1,"4":1,"5":1,"6":1,"7":1,"8":1,"9":1,"10":1,"11":1,"12":1,"13":1,"14":1,"15":1,"16":1,"17":1,"18":1,"19":1,"20":1,"21":1,"22":1,"23":1,"24":1,"25":1,"26":1,"27":1,"28":1,"29":1,"30":1,"31":1,"32":1,"33":1,"34":1,"35":1,"36":1,"37":1,"38":1,"39":1,"40":1,"41":1,"42":1,"43":1,"44":1,"45":1,"46":1,"47":1,"48":1,"49":1,"50":1,"51":1,"52":1,"53":1,"54":1,"55":1,"56":1,"57":1,"58":1,"59":1,"60":1,"61":1,"62":1,"63":1,"64":1,"65":1,"66":1,"67":1,"68":1,"69":1,"70":1,"71":1,"72":1,"73":1,"74":1,"75":1,"76":1,"77":1,"78":1,"79":1,"80":1,"81":1,"82":1,"83":1,"84":1,"85":1,"86":1,"87":1,"88":1,"89":1,"90":1,"91":1,"92":1,"93":1,"94":1,"95":1,"96":1,"97":1,"98":1,"99":1,"100":1,"101":1,"102":1,"103":1,"104":1,"105":1,"106":1,"107":1,"108":1,"109":1,"110":1,"111":1,"112":1,"113":1,"114":1,"115":1,"116":1,"117":1,"118":1,"119":1,"120":1,"121":1,"122":1,"123":1,"124":1,"125":1,"126":1,"127":1,"128":1,"129":1,"130":1,"131":1,"132":1,"133":1,"134":1,"135":1,"136":1,"137":1,"138":1,"139":1,"140":1,"141":1,"142":1,"143":1,"144":1,"145":1,"146":1,"147":1,"148":1,"149":1,"150":1,"151":1,"152":1,"153":1,"154":1,"155":1,"156":1,"157":1,"158":1,"159":1,"160":1,"161":1,"162":1,"163":1,"164":1,"165":1,"166":1,"167":1,"168":1,"169":1,"170":1,"171":1,"172":1,"173":1,"174":1,"175":1,"176":1,"177":1,"178":1,"179":1,"180":1,"181":1,"182":1,"183":1,"184":1,"185":1,"186":1,"187":1,"188":1,"189":1,"190":1,"191":1,"192":1,"193":1,"194":1,"195":1,"196":1,"197":1,"198":1,"199":1,"200":1,"201":1,"202":1,"203":1,"204":1,"205":1,"206":1,"207":1,"208":1,"209":1,"210":1,"211":1,"212":1,"213":1,"214":1,"215":1,"216":1,"217":1,"218":1,"219":1,"220":1,"221":1,"222":1,"223":1,"224":1,"225":1,"226":1,"227":1,"228":1,"229":1,"230":1,"231":1,"232":1,"233":1,"234":1,"235":1,"236":1,"237":1,"238":1,"239":1,"240":1,"241":1,"242":1,"243":1,"244":1,"245":1,"246":1,"247":1,"248":1,"249":1,"250":1,"251":1,"252":1,"253":1,"254":1,"255":1,"256":1,"257":1,"258":1,"259":1,"260":1},"branchMap":{},"b":{},"fnMap":{},"f":{}}
,"/home/caver/Documents/OC-WealthHealth/src/features/employees/employees.tsx": {"path":"/home/caver/Documents/OC-WealthHealth/src/features/employees/employees.tsx","all":false,"statementMap":{"0":{"start":{"line":1,"column":0},"end":{"line":1,"column":47}},"1":{"start":{"line":2,"column":0},"end":{"line":2,"column":0}},"2":{"start":{"line":3,"column":0},"end":{"line":3,"column":32}},"3":{"start":{"line":4,"column":0},"end":{"line":4,"column":316}},"4":{"start":{"line":5,"column":0},"end":{"line":5,"column":319}},"5":{"start":{"line":6,"column":0},"end":{"line":6,"column":316}},"6":{"start":{"line":7,"column":0},"end":{"line":7,"column":319}},"7":{"start":{"line":8,"column":0},"end":{"line":8,"column":316}},"8":{"start":{"line":9,"column":0},"end":{"line":9,"column":319}},"9":{"start":{"line":10,"column":0},"end":{"line":10,"column":316}},"10":{"start":{"line":11,"column":0},"end":{"line":11,"column":319}},"11":{"start":{"line":12,"column":0},"end":{"line":12,"column":316}},"12":{"start":{"line":13,"column":0},"end":{"line":13,"column":319}},"13":{"start":{"line":14,"column":0},"end":{"line":14,"column":316}},"14":{"start":{"line":15,"column":0},"end":{"line":15,"column":319}},"15":{"start":{"line":16,"column":0},"end":{"line":16,"column":316}},"16":{"start":{"line":17,"column":0},"end":{"line":17,"column":319}},"17":{"start":{"line":18,"column":0},"end":{"line":18,"column":316}},"18":{"start":{"line":19,"column":0},"end":{"line":19,"column":319}},"19":{"start":{"line":20,"column":0},"end":{"line":20,"column":316}},"20":{"start":{"line":21,"column":0},"end":{"line":21,"column":319}},"21":{"start":{"line":22,"column":0},"end":{"line":22,"column":316}},"22":{"start":{"line":23,"column":0},"end":{"line":23,"column":319}},"23":{"start":{"line":24,"column":0},"end":{"line":24,"column":316}},"24":{"start":{"line":25,"column":0},"end":{"line":25,"column":319}},"25":{"start":{"line":26,"column":0},"end":{"line":26,"column":316}},"26":{"start":{"line":27,"column":0},"end":{"line":27,"column":319}},"27":{"start":{"line":28,"column":0},"end":{"line":28,"column":316}},"28":{"start":{"line":29,"column":0},"end":{"line":29,"column":319}},"29":{"start":{"line":30,"column":0},"end":{"line":30,"column":316}},"30":{"start":{"line":31,"column":0},"end":{"line":31,"column":319}},"31":{"start":{"line":32,"column":0},"end":{"line":32,"column":316}},"32":{"start":{"line":33,"column":0},"end":{"line":33,"column":319}},"33":{"start":{"line":34,"column":0},"end":{"line":34,"column":316}},"34":{"start":{"line":35,"column":0},"end":{"line":35,"column":319}},"35":{"start":{"line":36,"column":0},"end":{"line":36,"column":316}},"36":{"start":{"line":37,"column":0},"end":{"line":37,"column":319}},"37":{"start":{"line":38,"column":0},"end":{"line":38,"column":316}},"38":{"start":{"line":39,"column":0},"end":{"line":39,"column":319}},"39":{"start":{"line":40,"column":0},"end":{"line":40,"column":316}},"40":{"start":{"line":41,"column":0},"end":{"line":41,"column":319}},"41":{"start":{"line":42,"column":0},"end":{"line":42,"column":316}},"42":{"start":{"line":43,"column":0},"end":{"line":43,"column":319}},"43":{"start":{"line":44,"column":0},"end":{"line":44,"column":316}},"44":{"start":{"line":45,"column":0},"end":{"line":45,"column":319}},"45":{"start":{"line":46,"column":0},"end":{"line":46,"column":316}},"46":{"start":{"line":47,"column":0},"end":{"line":47,"column":319}},"47":{"start":{"line":48,"column":0},"end":{"line":48,"column":316}},"48":{"start":{"line":49,"column":0},"end":{"line":49,"column":319}},"49":{"start":{"line":50,"column":0},"end":{"line":50,"column":316}},"50":{"start":{"line":51,"column":0},"end":{"line":51,"column":319}},"51":{"start":{"line":52,"column":0},"end":{"line":52,"column":316}},"52":{"start":{"line":53,"column":0},"end":{"line":53,"column":319}},"53":{"start":{"line":54,"column":0},"end":{"line":54,"column":316}},"54":{"start":{"line":55,"column":0},"end":{"line":55,"column":319}},"55":{"start":{"line":56,"column":0},"end":{"line":56,"column":316}},"56":{"start":{"line":57,"column":0},"end":{"line":57,"column":319}},"57":{"start":{"line":58,"column":0},"end":{"line":58,"column":2}},"58":{"start":{"line":59,"column":0},"end":{"line":59,"column":0}},"59":{"start":{"line":60,"column":0},"end":{"line":60,"column":38}},"60":{"start":{"line":61,"column":0},"end":{"line":61,"column":20}},"61":{"start":{"line":62,"column":0},"end":{"line":62,"column":15}},"62":{"start":{"line":63,"column":0},"end":{"line":63,"column":13}},"63":{"start":{"line":64,"column":0},"end":{"line":64,"column":29}},"64":{"start":{"line":65,"column":0},"end":{"line":65,"column":41}},"65":{"start":{"line":66,"column":0},"end":{"line":66,"column":98}},"66":{"start":{"line":67,"column":0},"end":{"line":67,"column":106}},"67":{"start":{"line":68,"column":0},"end":{"line":68,"column":7}},"68":{"start":{"line":69,"column":0},"end":{"line":69,"column":33}},"69":{"start":{"line":70,"column":0},"end":{"line":70,"column":6}},"70":{"start":{"line":71,"column":0},"end":{"line":71,"column":4}},"71":{"start":{"line":72,"column":0},"end":{"line":72,"column":3}},"72":{"start":{"line":73,"column":0},"end":{"line":73,"column":0}},"73":{"start":{"line":74,"column":0},"end":{"line":74,"column":33}},"74":{"start":{"line":75,"column":0},"end":{"line":75,"column":0}},"75":{"start":{"line":76,"column":0},"end":{"line":76,"column":41}}},"s":{"0":1,"1":1,"2":1,"3":1,"4":1,"5":1,"6":1,"7":1,"8":1,"9":1,"10":1,"11":1,"12":1,"13":1,"14":1,"15":1,"16":1,"17":1,"18":1,"19":1,"20":1,"21":1,"22":1,"23":1,"24":1,"25":1,"26":1,"27":1,"28":1,"29":1,"30":1,"31":1,"32":1,"33":1,"34":1,"35":1,"36":1,"37":1,"38":1,"39":1,"40":1,"41":1,"42":1,"43":1,"44":1,"45":1,"46":1,"47":1,"48":1,"49":1,"50":1,"51":1,"52":1,"53":1,"54":1,"55":1,"56":1,"57":1,"58":1,"59":1,"60":1,"61":1,"62":1,"63":1,"64":1,"65":9,"66":9,"67":9,"68":1,"69":1,"70":1,"71":1,"72":1,"73":1,"74":1,"75":1},"branchMap":{"0":{"type":"branch","line":64,"loc":{"start":{"line":64,"column":9},"end":{"line":70,"column":6}},"locations":[{"start":{"line":64,"column":9},"end":{"line":70,"column":6}}]},"1":{"type":"branch","line":65,"loc":{"start":{"line":65,"column":40},"end":{"line":68,"column":7}},"locations":[{"start":{"line":65,"column":40},"end":{"line":68,"column":7}}]},"2":{"type":"branch","line":67,"loc":{"start":{"line":67,"column":53},"end":{"line":67,"column":106}},"locations":[{"start":{"line":67,"column":53},"end":{"line":67,"column":106}}]}},"b":{"0":[1],"1":[9],"2":[2]},"fnMap":{"0":{"name":"add","decl":{"start":{"line":64,"column":9},"end":{"line":70,"column":6}},"loc":{"start":{"line":64,"column":9},"end":{"line":70,"column":6}},"line":64}},"f":{"0":1}}
,"/home/caver/Documents/OC-WealthHealth/src/pages/Employees-list/EmployeesList.tsx": {"path":"/home/caver/Documents/OC-WealthHealth/src/pages/Employees-list/EmployeesList.tsx","all":false,"statementMap":{"0":{"start":{"line":1,"column":0},"end":{"line":1,"column":40}},"1":{"start":{"line":2,"column":0},"end":{"line":2,"column":76}},"2":{"start":{"line":3,"column":0},"end":{"line":3,"column":0}},"3":{"start":{"line":4,"column":0},"end":{"line":4,"column":40}},"4":{"start":{"line":5,"column":0},"end":{"line":5,"column":10}},"5":{"start":{"line":6,"column":0},"end":{"line":6,"column":30}},"6":{"start":{"line":7,"column":0},"end":{"line":7,"column":32}},"7":{"start":{"line":8,"column":0},"end":{"line":8,"column":24}},"8":{"start":{"line":9,"column":0},"end":{"line":9,"column":30}},"9":{"start":{"line":10,"column":0},"end":{"line":10,"column":10}},"10":{"start":{"line":11,"column":0},"end":{"line":11,"column":4}},"11":{"start":{"line":12,"column":0},"end":{"line":12,"column":1}}},"s":{"0":1,"1":1,"2":1,"3":1,"4":9,"5":9,"6":9,"7":9,"8":9,"9":9,"10":9,"11":9},"branchMap":{"0":{"type":"branch","line":4,"loc":{"start":{"line":4,"column":15},"end":{"line":12,"column":1}},"locations":[{"start":{"line":4,"column":15},"end":{"line":12,"column":1}}]}},"b":{"0":[9]},"fnMap":{"0":{"name":"EmployeeList","decl":{"start":{"line":4,"column":15},"end":{"line":12,"column":1}},"loc":{"start":{"line":4,"column":15},"end":{"line":12,"column":1}},"line":4}},"f":{"0":9}}
,"/home/caver/Documents/OC-WealthHealth/src/pages/Home/Home.tsx": {"path":"/home/caver/Documents/OC-WealthHealth/src/pages/Home/Home.tsx","all":false,"statementMap":{"0":{"start":{"line":1,"column":0},"end":{"line":1,"column":40}},"1":{"start":{"line":2,"column":0},"end":{"line":2,"column":0}},"2":{"start":{"line":3,"column":0},"end":{"line":3,"column":52}},"3":{"start":{"line":4,"column":0},"end":{"line":4,"column":85}},"4":{"start":{"line":5,"column":0},"end":{"line":5,"column":0}},"5":{"start":{"line":6,"column":0},"end":{"line":6,"column":32}},"6":{"start":{"line":7,"column":0},"end":{"line":7,"column":10}},"7":{"start":{"line":8,"column":0},"end":{"line":8,"column":26}},"8":{"start":{"line":9,"column":0},"end":{"line":9,"column":30}},"9":{"start":{"line":10,"column":0},"end":{"line":10,"column":0}},"10":{"start":{"line":11,"column":0},"end":{"line":11,"column":25}},"11":{"start":{"line":12,"column":0},"end":{"line":12,"column":0}},"12":{"start":{"line":13,"column":0},"end":{"line":13,"column":60}},"13":{"start":{"line":14,"column":0},"end":{"line":14,"column":10}},"14":{"start":{"line":15,"column":0},"end":{"line":15,"column":4}},"15":{"start":{"line":16,"column":0},"end":{"line":16,"column":1}}},"s":{"0":1,"1":1,"2":1,"3":1,"4":1,"5":1,"6":8,"7":8,"8":8,"9":8,"10":8,"11":8,"12":8,"13":8,"14":8,"15":8},"branchMap":{"0":{"type":"branch","line":6,"loc":{"start":{"line":6,"column":15},"end":{"line":16,"column":1}},"locations":[{"start":{"line":6,"column":15},"end":{"line":16,"column":1}}]}},"b":{"0":[8]},"fnMap":{"0":{"name":"Home","decl":{"start":{"line":6,"column":15},"end":{"line":16,"column":1}},"loc":{"start":{"line":6,"column":15},"end":{"line":16,"column":1}},"line":6}},"f":{"0":8}}
,"/home/caver/Documents/OC-WealthHealth/src/pages/NotFound/NotFound.tsx": {"path":"/home/caver/Documents/OC-WealthHealth/src/pages/NotFound/NotFound.tsx","all":false,"statementMap":{"0":{"start":{"line":1,"column":0},"end":{"line":1,"column":36}},"1":{"start":{"line":2,"column":0},"end":{"line":2,"column":29}},"2":{"start":{"line":3,"column":0},"end":{"line":3,"column":1}}},"s":{"0":1,"1":0,"2":0},"branchMap":{},"b":{},"fnMap":{"0":{"name":"NotFound","decl":{"start":{"line":1,"column":15},"end":{"line":3,"column":1}},"loc":{"start":{"line":1,"column":15},"end":{"line":3,"column":1}},"line":1}},"f":{"0":0}}
,"/home/caver/Documents/OC-WealthHealth/src/utils/router.tsx": {"path":"/home/caver/Documents/OC-WealthHealth/src/utils/router.tsx","all":false,"statementMap":{"0":{"start":{"line":1,"column":0},"end":{"line":1,"column":55}},"1":{"start":{"line":2,"column":0},"end":{"line":2,"column":25}},"2":{"start":{"line":3,"column":0},"end":{"line":3,"column":50}},"3":{"start":{"line":4,"column":0},"end":{"line":4,"column":38}},"4":{"start":{"line":5,"column":0},"end":{"line":5,"column":65}},"5":{"start":{"line":6,"column":0},"end":{"line":6,"column":0}},"6":{"start":{"line":7,"column":0},"end":{"line":7,"column":43}},"7":{"start":{"line":8,"column":0},"end":{"line":8,"column":3}},"8":{"start":{"line":9,"column":0},"end":{"line":9,"column":14}},"9":{"start":{"line":10,"column":0},"end":{"line":10,"column":21}},"10":{"start":{"line":11,"column":0},"end":{"line":11,"column":31}},"11":{"start":{"line":12,"column":0},"end":{"line":12,"column":15}},"12":{"start":{"line":13,"column":0},"end":{"line":13,"column":7}},"13":{"start":{"line":14,"column":0},"end":{"line":14,"column":18}},"14":{"start":{"line":15,"column":0},"end":{"line":15,"column":26}},"15":{"start":{"line":16,"column":0},"end":{"line":16,"column":8}},"16":{"start":{"line":17,"column":0},"end":{"line":17,"column":7}},"17":{"start":{"line":18,"column":0},"end":{"line":18,"column":31}},"18":{"start":{"line":19,"column":0},"end":{"line":19,"column":34}},"19":{"start":{"line":20,"column":0},"end":{"line":20,"column":8}},"20":{"start":{"line":21,"column":0},"end":{"line":21,"column":6}},"21":{"start":{"line":22,"column":0},"end":{"line":22,"column":4}},"22":{"start":{"line":23,"column":0},"end":{"line":23,"column":3}}},"s":{"0":1,"1":1,"2":1,"3":1,"4":1,"5":1,"6":1,"7":1,"8":1,"9":1,"10":1,"11":1,"12":1,"13":1,"14":1,"15":1,"16":1,"17":1,"18":1,"19":1,"20":1,"21":1,"22":1},"branchMap":{},"b":{},"fnMap":{},"f":{}}
,"/home/caver/Documents/OC-WealthHealth/src/utils/test-utils.tsx": {"path":"/home/caver/Documents/OC-WealthHealth/src/utils/test-utils.tsx","all":false,"statementMap":{"0":{"start":{"line":1,"column":0},"end":{"line":1,"column":46}},"1":{"start":{"line":2,"column":0},"end":{"line":2,"column":26}},"2":{"start":{"line":3,"column":0},"end":{"line":3,"column":48}},"3":{"start":{"line":4,"column":0},"end":{"line":4,"column":60}},"4":{"start":{"line":5,"column":0},"end":{"line":5,"column":50}},"5":{"start":{"line":6,"column":0},"end":{"line":6,"column":55}},"6":{"start":{"line":7,"column":0},"end":{"line":7,"column":39}},"7":{"start":{"line":8,"column":0},"end":{"line":8,"column":0}},"8":{"start":{"line":9,"column":0},"end":{"line":9,"column":50}},"9":{"start":{"line":10,"column":0},"end":{"line":10,"column":34}},"10":{"start":{"line":11,"column":0},"end":{"line":11,"column":0}},"11":{"start":{"line":12,"column":0},"end":{"line":12,"column":45}},"12":{"start":{"line":13,"column":0},"end":{"line":13,"column":48}},"13":{"start":{"line":14,"column":0},"end":{"line":14,"column":56}},"14":{"start":{"line":15,"column":0},"end":{"line":15,"column":0}},"15":{"start":{"line":16,"column":0},"end":{"line":16,"column":79}},"16":{"start":{"line":17,"column":0},"end":{"line":17,"column":74}},"17":{"start":{"line":18,"column":0},"end":{"line":18,"column":72}},"18":{"start":{"line":19,"column":0},"end":{"line":19,"column":45}},"19":{"start":{"line":20,"column":0},"end":{"line":20,"column":23}},"20":{"start":{"line":21,"column":0},"end":{"line":21,"column":1}},"21":{"start":{"line":22,"column":0},"end":{"line":22,"column":0}},"22":{"start":{"line":23,"column":0},"end":{"line":23,"column":36}},"23":{"start":{"line":24,"column":0},"end":{"line":24,"column":25}},"24":{"start":{"line":25,"column":0},"end":{"line":25,"column":3}},"25":{"start":{"line":26,"column":0},"end":{"line":26,"column":22}},"26":{"start":{"line":27,"column":0},"end":{"line":27,"column":20}},"27":{"start":{"line":28,"column":0},"end":{"line":28,"column":6}},"28":{"start":{"line":29,"column":0},"end":{"line":29,"column":70}},"29":{"start":{"line":30,"column":0},"end":{"line":30,"column":28}},"30":{"start":{"line":31,"column":0},"end":{"line":31,"column":16}},"31":{"start":{"line":32,"column":0},"end":{"line":32,"column":18}},"32":{"start":{"line":33,"column":0},"end":{"line":33,"column":8}},"33":{"start":{"line":34,"column":0},"end":{"line":34,"column":21}},"34":{"start":{"line":35,"column":0},"end":{"line":35,"column":7}},"35":{"start":{"line":36,"column":0},"end":{"line":36,"column":20}},"36":{"start":{"line":37,"column":0},"end":{"line":37,"column":31}},"37":{"start":{"line":38,"column":0},"end":{"line":38,"column":3}},"38":{"start":{"line":39,"column":0},"end":{"line":39,"column":77}},"39":{"start":{"line":40,"column":0},"end":{"line":40,"column":60}},"40":{"start":{"line":41,"column":0},"end":{"line":41,"column":6}},"41":{"start":{"line":42,"column":0},"end":{"line":42,"column":22}},"42":{"start":{"line":43,"column":0},"end":{"line":43,"column":12}},"43":{"start":{"line":44,"column":0},"end":{"line":44,"column":30}},"44":{"start":{"line":45,"column":0},"end":{"line":45,"column":42}},"45":{"start":{"line":46,"column":0},"end":{"line":46,"column":17}},"46":{"start":{"line":47,"column":0},"end":{"line":47,"column":6}},"47":{"start":{"line":48,"column":0},"end":{"line":48,"column":3}},"48":{"start":{"line":49,"column":0},"end":{"line":49,"column":0}},"49":{"start":{"line":50,"column":0},"end":{"line":50,"column":69}},"50":{"start":{"line":51,"column":0},"end":{"line":51,"column":74}},"51":{"start":{"line":52,"column":0},"end":{"line":52,"column":1}}},"s":{"0":1,"1":1,"2":1,"3":1,"4":1,"5":1,"6":1,"7":1,"8":1,"9":1,"10":1,"11":1,"12":1,"13":1,"14":1,"15":1,"16":1,"17":1,"18":1,"19":1,"20":1,"21":1,"22":1,"23":15,"24":15,"25":15,"26":15,"27":15,"28":15,"29":15,"30":15,"31":15,"32":15,"33":15,"34":15,"35":15,"36":15,"37":15,"38":15,"39":15,"40":15,"41":15,"42":15,"43":15,"44":15,"45":15,"46":15,"47":15,"48":15,"49":15,"50":15,"51":15},"branchMap":{"0":{"type":"branch","line":23,"loc":{"start":{"line":23,"column":7},"end":{"line":52,"column":1}},"locations":[{"start":{"line":23,"column":7},"end":{"line":52,"column":1}}]},"1":{"type":"branch","line":42,"loc":{"start":{"line":42,"column":2},"end":{"line":48,"column":3}},"locations":[{"start":{"line":42,"column":2},"end":{"line":48,"column":3}}]}},"b":{"0":[15],"1":[15]},"fnMap":{"0":{"name":"renderWithProviders","decl":{"start":{"line":23,"column":7},"end":{"line":52,"column":1}},"loc":{"start":{"line":23,"column":7},"end":{"line":52,"column":1}},"line":23},"1":{"name":"Wrapper","decl":{"start":{"line":42,"column":2},"end":{"line":48,"column":3}},"loc":{"start":{"line":42,"column":2},"end":{"line":48,"column":3}},"line":42}},"f":{"0":15,"1":15}}
}
